<?xml version="1.0" encoding="UTF-8"?>
<testsuite xmlns:xsi="http://www.w3.org/2001/XMLSchema-instance" xsi:noNamespaceSchemaLocation="https://maven.apache.org/surefire/maven-surefire-plugin/xsd/surefire-test-report.xsd" name="AboveAverageTransactionAmountTest" time="0.31" tests="1" errors="0" skipped="0" failures="1">
  <properties>
    <property name="java.specification.version" value="20"/>
    <property name="sun.cpu.isalist" value="amd64"/>
    <property name="sun.jnu.encoding" value="Cp1252"/>
    <property name="java.class.path" value="C:\faks_projekti\SBNZ\kjar-example - 2\kjar-example\drools-spring-app\target\test-classes;C:\faks_projekti\SBNZ\kjar-example - 2\kjar-example\drools-spring-app\target\classes;C:\Users\petar\.m2\repository\org\springframework\boot\spring-boot-starter-web\2.3.5.RELEASE\spring-boot-starter-web-2.3.5.RELEASE.jar;C:\Users\petar\.m2\repository\org\springframework\boot\spring-boot-starter\2.3.5.RELEASE\spring-boot-starter-2.3.5.RELEASE.jar;C:\Users\petar\.m2\repository\org\springframework\boot\spring-boot\2.3.5.RELEASE\spring-boot-2.3.5.RELEASE.jar;C:\Users\petar\.m2\repository\org\springframework\boot\spring-boot-autoconfigure\2.3.5.RELEASE\spring-boot-autoconfigure-2.3.5.RELEASE.jar;C:\Users\petar\.m2\repository\org\springframework\boot\spring-boot-starter-logging\2.3.5.RELEASE\spring-boot-starter-logging-2.3.5.RELEASE.jar;C:\Users\petar\.m2\repository\ch\qos\logback\logback-classic\1.2.3\logback-classic-1.2.3.jar;C:\Users\petar\.m2\repository\ch\qos\logback\logback-core\1.2.3\logback-core-1.2.3.jar;C:\Users\petar\.m2\repository\org\apache\logging\log4j\log4j-to-slf4j\2.13.3\log4j-to-slf4j-2.13.3.jar;C:\Users\petar\.m2\repository\org\apache\logging\log4j\log4j-api\2.13.3\log4j-api-2.13.3.jar;C:\Users\petar\.m2\repository\org\slf4j\jul-to-slf4j\1.7.30\jul-to-slf4j-1.7.30.jar;C:\Users\petar\.m2\repository\jakarta\annotation\jakarta.annotation-api\1.3.5\jakarta.annotation-api-1.3.5.jar;C:\Users\petar\.m2\repository\org\yaml\snakeyaml\1.26\snakeyaml-1.26.jar;C:\Users\petar\.m2\repository\org\springframework\boot\spring-boot-starter-json\2.3.5.RELEASE\spring-boot-starter-json-2.3.5.RELEASE.jar;C:\Users\petar\.m2\repository\com\fasterxml\jackson\core\jackson-databind\2.11.3\jackson-databind-2.11.3.jar;C:\Users\petar\.m2\repository\com\fasterxml\jackson\core\jackson-annotations\2.11.3\jackson-annotations-2.11.3.jar;C:\Users\petar\.m2\repository\com\fasterxml\jackson\core\jackson-core\2.11.3\jackson-core-2.11.3.jar;C:\Users\petar\.m2\repository\com\fasterxml\jackson\datatype\jackson-datatype-jdk8\2.11.3\jackson-datatype-jdk8-2.11.3.jar;C:\Users\petar\.m2\repository\com\fasterxml\jackson\datatype\jackson-datatype-jsr310\2.11.3\jackson-datatype-jsr310-2.11.3.jar;C:\Users\petar\.m2\repository\com\fasterxml\jackson\module\jackson-module-parameter-names\2.11.3\jackson-module-parameter-names-2.11.3.jar;C:\Users\petar\.m2\repository\org\springframework\boot\spring-boot-starter-tomcat\2.3.5.RELEASE\spring-boot-starter-tomcat-2.3.5.RELEASE.jar;C:\Users\petar\.m2\repository\org\apache\tomcat\embed\tomcat-embed-core\9.0.39\tomcat-embed-core-9.0.39.jar;C:\Users\petar\.m2\repository\org\glassfish\jakarta.el\3.0.3\jakarta.el-3.0.3.jar;C:\Users\petar\.m2\repository\org\apache\tomcat\embed\tomcat-embed-websocket\9.0.39\tomcat-embed-websocket-9.0.39.jar;C:\Users\petar\.m2\repository\org\springframework\spring-web\5.2.10.RELEASE\spring-web-5.2.10.RELEASE.jar;C:\Users\petar\.m2\repository\org\springframework\spring-webmvc\5.2.10.RELEASE\spring-webmvc-5.2.10.RELEASE.jar;C:\Users\petar\.m2\repository\org\springframework\spring-aop\5.2.10.RELEASE\spring-aop-5.2.10.RELEASE.jar;C:\Users\petar\.m2\repository\org\springframework\spring-expression\5.2.10.RELEASE\spring-expression-5.2.10.RELEASE.jar;C:\Users\petar\.m2\repository\org\springframework\boot\spring-boot-starter-test\2.3.5.RELEASE\spring-boot-starter-test-2.3.5.RELEASE.jar;C:\Users\petar\.m2\repository\org\springframework\boot\spring-boot-test\2.3.5.RELEASE\spring-boot-test-2.3.5.RELEASE.jar;C:\Users\petar\.m2\repository\org\springframework\boot\spring-boot-test-autoconfigure\2.3.5.RELEASE\spring-boot-test-autoconfigure-2.3.5.RELEASE.jar;C:\Users\petar\.m2\repository\jakarta\xml\bind\jakarta.xml.bind-api\2.3.3\jakarta.xml.bind-api-2.3.3.jar;C:\Users\petar\.m2\repository\jakarta\activation\jakarta.activation-api\1.2.2\jakarta.activation-api-1.2.2.jar;C:\Users\petar\.m2\repository\org\assertj\assertj-core\3.16.1\assertj-core-3.16.1.jar;C:\Users\petar\.m2\repository\org\hamcrest\hamcrest\2.2\hamcrest-2.2.jar;C:\Users\petar\.m2\repository\org\junit\jupiter\junit-jupiter\5.6.3\junit-jupiter-5.6.3.jar;C:\Users\petar\.m2\repository\org\junit\jupiter\junit-jupiter-api\5.6.3\junit-jupiter-api-5.6.3.jar;C:\Users\petar\.m2\repository\org\opentest4j\opentest4j\1.2.0\opentest4j-1.2.0.jar;C:\Users\petar\.m2\repository\org\junit\platform\junit-platform-commons\1.6.3\junit-platform-commons-1.6.3.jar;C:\Users\petar\.m2\repository\org\junit\jupiter\junit-jupiter-params\5.6.3\junit-jupiter-params-5.6.3.jar;C:\Users\petar\.m2\repository\org\junit\jupiter\junit-jupiter-engine\5.6.3\junit-jupiter-engine-5.6.3.jar;C:\Users\petar\.m2\repository\org\junit\vintage\junit-vintage-engine\5.6.3\junit-vintage-engine-5.6.3.jar;C:\Users\petar\.m2\repository\org\apiguardian\apiguardian-api\1.1.0\apiguardian-api-1.1.0.jar;C:\Users\petar\.m2\repository\org\junit\platform\junit-platform-engine\1.6.3\junit-platform-engine-1.6.3.jar;C:\Users\petar\.m2\repository\org\mockito\mockito-core\3.3.3\mockito-core-3.3.3.jar;C:\Users\petar\.m2\repository\net\bytebuddy\byte-buddy\1.10.17\byte-buddy-1.10.17.jar;C:\Users\petar\.m2\repository\net\bytebuddy\byte-buddy-agent\1.10.17\byte-buddy-agent-1.10.17.jar;C:\Users\petar\.m2\repository\org\objenesis\objenesis\2.6\objenesis-2.6.jar;C:\Users\petar\.m2\repository\org\mockito\mockito-junit-jupiter\3.3.3\mockito-junit-jupiter-3.3.3.jar;C:\Users\petar\.m2\repository\org\skyscreamer\jsonassert\1.5.0\jsonassert-1.5.0.jar;C:\Users\petar\.m2\repository\com\vaadin\external\google\android-json\0.0.20131108.vaadin1\android-json-0.0.20131108.vaadin1.jar;C:\Users\petar\.m2\repository\org\springframework\spring-core\5.2.10.RELEASE\spring-core-5.2.10.RELEASE.jar;C:\Users\petar\.m2\repository\org\springframework\spring-jcl\5.2.10.RELEASE\spring-jcl-5.2.10.RELEASE.jar;C:\Users\petar\.m2\repository\org\springframework\spring-test\5.2.10.RELEASE\spring-test-5.2.10.RELEASE.jar;C:\Users\petar\.m2\repository\org\xmlunit\xmlunit-core\2.7.0\xmlunit-core-2.7.0.jar;C:\Users\petar\.m2\repository\com\jayway\jsonpath\json-path\2.4.0\json-path-2.4.0.jar;C:\Users\petar\.m2\repository\net\minidev\json-smart\2.3\json-smart-2.3.jar;C:\Users\petar\.m2\repository\net\minidev\accessors-smart\1.2\accessors-smart-1.2.jar;C:\Users\petar\.m2\repository\org\ow2\asm\asm\5.0.4\asm-5.0.4.jar;C:\Users\petar\.m2\repository\org\slf4j\slf4j-api\1.7.30\slf4j-api-1.7.30.jar;C:\Users\petar\.m2\repository\org\kie\kie-ci\7.73.0.Final\kie-ci-7.73.0.Final.jar;C:\Users\petar\.m2\repository\org\drools\drools-core-reflective\7.73.0.Final\drools-core-reflective-7.73.0.Final.jar;C:\Users\petar\.m2\repository\org\kie\kie-memory-compiler\7.73.0.Final\kie-memory-compiler-7.73.0.Final.jar;C:\Users\petar\.m2\repository\org\drools\drools-core-dynamic\7.73.0.Final\drools-core-dynamic-7.73.0.Final.jar;C:\Users\petar\.m2\repository\org\drools\drools-core\7.73.0.Final\drools-core-7.73.0.Final.jar;C:\Users\petar\.m2\repository\org\kie\soup\kie-soup-xstream\7.73.0.Final\kie-soup-xstream-7.73.0.Final.jar;C:\Users\petar\.m2\repository\commons-codec\commons-codec\1.14\commons-codec-1.14.jar;C:\Users\petar\.m2\repository\org\drools\drools-compiler\7.73.0.Final\drools-compiler-7.73.0.Final.jar;C:\Users\petar\.m2\repository\org\drools\drools-ecj\7.73.0.Final\drools-ecj-7.73.0.Final.jar;C:\Users\petar\.m2\repository\org\antlr\antlr-runtime\3.5.2\antlr-runtime-3.5.2.jar;C:\Users\petar\.m2\repository\org\drools\drools-mvel\7.73.0.Final\drools-mvel-7.73.0.Final.jar;C:\Users\petar\.m2\repository\org\mvel\mvel2\2.4.14.Final\mvel2-2.4.14.Final.jar;C:\Users\petar\.m2\repository\org\kie\soup\kie-soup-project-datamodel-commons\7.73.0.Final\kie-soup-project-datamodel-commons-7.73.0.Final.jar;C:\Users\petar\.m2\repository\org\kie\soup\kie-soup-project-datamodel-api\7.73.0.Final\kie-soup-project-datamodel-api-7.73.0.Final.jar;C:\Users\petar\.m2\repository\org\drools\drools-serialization-protobuf\7.73.0.Final\drools-serialization-protobuf-7.73.0.Final.jar;C:\Users\petar\.m2\repository\com\google\protobuf\protobuf-java\3.19.4\protobuf-java-3.19.4.jar;C:\Users\petar\.m2\repository\org\kie\kie-internal\7.73.0.Final\kie-internal-7.73.0.Final.jar;C:\Users\petar\.m2\repository\org\kie\kie-api\7.73.0.Final\kie-api-7.73.0.Final.jar;C:\Users\petar\.m2\repository\org\kie\soup\kie-soup-maven-support\7.73.0.Final\kie-soup-maven-support-7.73.0.Final.jar;C:\Users\petar\.m2\repository\org\kie\soup\kie-soup-maven-integration\7.73.0.Final\kie-soup-maven-integration-7.73.0.Final.jar;C:\Users\petar\.m2\repository\org\apache\maven\maven-artifact\3.3.9\maven-artifact-3.3.9.jar;C:\Users\petar\.m2\repository\org\apache\maven\maven-plugin-api\3.3.9\maven-plugin-api-3.3.9.jar;C:\Users\petar\.m2\repository\org\eclipse\aether\aether-util\1.1.0\aether-util-1.1.0.jar;C:\Users\petar\.m2\repository\org\eclipse\aether\aether-spi\1.1.0\aether-spi-1.1.0.jar;C:\Users\petar\.m2\repository\org\eclipse\aether\aether-transport-file\1.1.0\aether-transport-file-1.1.0.jar;C:\Users\petar\.m2\repository\org\eclipse\aether\aether-transport-http\1.1.0\aether-transport-http-1.1.0.jar;C:\Users\petar\.m2\repository\jakarta\inject\jakarta.inject-api\1.0.3\jakarta.inject-api-1.0.3.jar;C:\Users\petar\.m2\repository\jakarta\enterprise\jakarta.enterprise.cdi-api\2.0.2\jakarta.enterprise.cdi-api-2.0.2.jar;C:\Users\petar\.m2\repository\jakarta\el\jakarta.el-api\3.0.3\jakarta.el-api-3.0.3.jar;C:\Users\petar\.m2\repository\jakarta\interceptor\jakarta.interceptor-api\1.2.5\jakarta.interceptor-api-1.2.5.jar;C:\Users\petar\.m2\repository\jakarta\ejb\jakarta.ejb-api\3.2.6\jakarta.ejb-api-3.2.6.jar;C:\Users\petar\.m2\repository\jakarta\transaction\jakarta.transaction-api\1.3.3\jakarta.transaction-api-1.3.3.jar;C:\Users\petar\.m2\repository\org\apache\ant\ant\1.10.11\ant-1.10.11.jar;C:\Users\petar\.m2\repository\org\apache\ant\ant-launcher\1.10.11\ant-launcher-1.10.11.jar;C:\Users\petar\.m2\repository\org\apache\httpcomponents\httpcore\4.4.13\httpcore-4.4.13.jar;C:\Users\petar\.m2\repository\com\google\inject\guice\4.0\guice-4.0-no_aop.jar;C:\Users\petar\.m2\repository\aopalliance\aopalliance\1.0\aopalliance-1.0.jar;C:\Users\petar\.m2\repository\org\apache\maven\maven-core\3.3.9\maven-core-3.3.9.jar;C:\Users\petar\.m2\repository\org\apache\maven\maven-repository-metadata\3.3.9\maven-repository-metadata-3.3.9.jar;C:\Users\petar\.m2\repository\org\codehaus\plexus\plexus-interpolation\1.21\plexus-interpolation-1.21.jar;C:\Users\petar\.m2\repository\org\codehaus\plexus\plexus-component-annotations\1.6\plexus-component-annotations-1.6.jar;C:\Users\petar\.m2\repository\org\apache\commons\commons-lang3\3.10\commons-lang3-3.10.jar;C:\Users\petar\.m2\repository\org\apache\maven\maven-model\3.3.9\maven-model-3.3.9.jar;C:\Users\petar\.m2\repository\org\apache\maven\maven-model-builder\3.3.9\maven-model-builder-3.3.9.jar;C:\Users\petar\.m2\repository\org\apache\maven\maven-builder-support\3.3.9\maven-builder-support-3.3.9.jar;C:\Users\petar\.m2\repository\com\google\guava\guava\18.0\guava-18.0.jar;C:\Users\petar\.m2\repository\org\apache\maven\maven-settings\3.3.9\maven-settings-3.3.9.jar;C:\Users\petar\.m2\repository\org\apache\maven\maven-settings-builder\3.3.9\maven-settings-builder-3.3.9.jar;C:\Users\petar\.m2\repository\org\apache\maven\maven-compat\3.3.9\maven-compat-3.3.9.jar;C:\Users\petar\.m2\repository\org\apache\maven\maven-aether-provider\3.3.9\maven-aether-provider-3.3.9.jar;C:\Users\petar\.m2\repository\org\apache\maven\wagon\wagon-provider-api\3.0.0\wagon-provider-api-3.0.0.jar;C:\Users\petar\.m2\repository\org\sonatype\plexus\plexus-sec-dispatcher\1.3\plexus-sec-dispatcher-1.3.jar;C:\Users\petar\.m2\repository\org\codehaus\plexus\plexus-classworlds\2.5.2\plexus-classworlds-2.5.2.jar;C:\Users\petar\.m2\repository\org\codehaus\plexus\plexus-utils\3.0.22\plexus-utils-3.0.22.jar;C:\Users\petar\.m2\repository\org\eclipse\aether\aether-api\1.1.0\aether-api-1.1.0.jar;C:\Users\petar\.m2\repository\org\eclipse\aether\aether-impl\1.1.0\aether-impl-1.1.0.jar;C:\Users\petar\.m2\repository\org\eclipse\aether\aether-connector-basic\1.1.0\aether-connector-basic-1.1.0.jar;C:\Users\petar\.m2\repository\org\eclipse\aether\aether-transport-wagon\1.1.0\aether-transport-wagon-1.1.0.jar;C:\Users\petar\.m2\repository\org\eclipse\sisu\org.eclipse.sisu.plexus\0.3.2\org.eclipse.sisu.plexus-0.3.2.jar;C:\Users\petar\.m2\repository\javax\enterprise\cdi-api\1.0\cdi-api-1.0.jar;C:\Users\petar\.m2\repository\javax\annotation\jsr250-api\1.0\jsr250-api-1.0.jar;C:\Users\petar\.m2\repository\javax\inject\javax.inject\1\javax.inject-1.jar;C:\Users\petar\.m2\repository\org\eclipse\sisu\org.eclipse.sisu.inject\0.3.2\org.eclipse.sisu.inject-0.3.2.jar;C:\Users\petar\.m2\repository\org\apache\maven\wagon\wagon-http\3.0.0\wagon-http-3.0.0.jar;C:\Users\petar\.m2\repository\org\apache\maven\wagon\wagon-http-shared\3.0.0\wagon-http-shared-3.0.0.jar;C:\Users\petar\.m2\repository\org\jsoup\jsoup\1.7.2\jsoup-1.7.2.jar;C:\Users\petar\.m2\repository\org\apache\httpcomponents\httpclient\4.5.13\httpclient-4.5.13.jar;C:\Users\petar\.m2\repository\commons-io\commons-io\2.7\commons-io-2.7.jar;C:\Users\petar\.m2\repository\org\slf4j\jcl-over-slf4j\1.7.30\jcl-over-slf4j-1.7.30.jar;C:\Users\petar\.m2\repository\org\sonatype\plexus\plexus-cipher\1.7\plexus-cipher-1.7.jar;C:\Users\petar\.m2\repository\org\kie\kie-spring\7.73.0.Final\kie-spring-7.73.0.Final.jar;C:\Users\petar\.m2\repository\org\jbpm\jbpm-flow\7.73.0.Final\jbpm-flow-7.73.0.Final.jar;C:\Users\petar\.m2\repository\org\kie\soup\kie-soup-commons\7.73.0.Final\kie-soup-commons-7.73.0.Final.jar;C:\Users\petar\.m2\repository\org\kie\kie-dmn-api\7.73.0.Final\kie-dmn-api-7.73.0.Final.jar;C:\Users\petar\.m2\repository\org\kie\kie-dmn-feel\7.73.0.Final\kie-dmn-feel-7.73.0.Final.jar;C:\Users\petar\.m2\repository\org\kie\kie-dmn-model\7.73.0.Final\kie-dmn-model-7.73.0.Final.jar;C:\Users\petar\.m2\repository\org\antlr\antlr4-runtime\4.9.2\antlr4-runtime-4.9.2.jar;C:\Users\petar\.m2\repository\com\github\javaparser\javaparser-core\3.23.1\javaparser-core-3.23.1.jar;C:\Users\petar\.m2\repository\ch\obermuhlner\big-math\2.0.1\big-math-2.0.1.jar;C:\Users\petar\.m2\repository\org\kie\kie-dmn-core\7.73.0.Final\kie-dmn-core-7.73.0.Final.jar;C:\Users\petar\.m2\repository\org\kie\kie-dmn-backend\7.73.0.Final\kie-dmn-backend-7.73.0.Final.jar;C:\Users\petar\.m2\repository\org\drools\drools-ruleunit\7.73.0.Final\drools-ruleunit-7.73.0.Final.jar;C:\Users\petar\.m2\repository\org\drools\drools-canonical-model\7.73.0.Final\drools-canonical-model-7.73.0.Final.jar;C:\Users\petar\.m2\repository\org\drools\drools-model-compiler\7.73.0.Final\drools-model-compiler-7.73.0.Final.jar;C:\Users\petar\.m2\repository\org\drools\drools-mvel-compiler\7.73.0.Final\drools-mvel-compiler-7.73.0.Final.jar;C:\Users\petar\.m2\repository\org\drools\drools-mvel-parser\7.73.0.Final\drools-mvel-parser-7.73.0.Final.jar;C:\Users\petar\.m2\repository\org\drools\drools-alphanetwork-compiler\7.73.0.Final\drools-alphanetwork-compiler-7.73.0.Final.jar;C:\Users\petar\.m2\repository\org\jpmml\pmml-model\1.5.1\pmml-model-1.5.1.jar;C:\Users\petar\.m2\repository\org\jpmml\pmml-agent\1.5.1\pmml-agent-1.5.1.jar;C:\Users\petar\.m2\repository\org\springframework\spring-tx\5.2.10.RELEASE\spring-tx-5.2.10.RELEASE.jar;C:\Users\petar\.m2\repository\org\drools\drools-decisiontables\7.73.0.Final\drools-decisiontables-7.73.0.Final.jar;C:\Users\petar\.m2\repository\org\drools\drools-templates\7.73.0.Final\drools-templates-7.73.0.Final.jar;C:\Users\petar\.m2\repository\org\apache\poi\poi-ooxml\4.1.2\poi-ooxml-4.1.2.jar;C:\Users\petar\.m2\repository\org\apache\poi\poi-ooxml-schemas\4.1.2\poi-ooxml-schemas-4.1.2.jar;C:\Users\petar\.m2\repository\org\apache\xmlbeans\xmlbeans\3.1.0\xmlbeans-3.1.0.jar;C:\Users\petar\.m2\repository\org\apache\commons\commons-compress\1.19\commons-compress-1.19.jar;C:\Users\petar\.m2\repository\com\github\virtuald\curvesapi\1.06\curvesapi-1.06.jar;C:\Users\petar\.m2\repository\org\apache\poi\poi\4.1.2\poi-4.1.2.jar;C:\Users\petar\.m2\repository\org\apache\commons\commons-collections4\4.4\commons-collections4-4.4.jar;C:\Users\petar\.m2\repository\org\apache\commons\commons-math3\3.6.1\commons-math3-3.6.1.jar;C:\Users\petar\.m2\repository\com\zaxxer\SparseBitSet\1.2\SparseBitSet-1.2.jar;C:\Users\petar\.m2\repository\org\springframework\spring-beans\5.2.10.RELEASE\spring-beans-5.2.10.RELEASE.jar;C:\Users\petar\.m2\repository\org\springframework\spring-context\5.2.10.RELEASE\spring-context-5.2.10.RELEASE.jar;C:\Users\petar\.m2\repository\com\thoughtworks\xstream\xstream\1.4.19\xstream-1.4.19.jar;C:\Users\petar\.m2\repository\io\github\x-stream\mxparser\1.2.2\mxparser-1.2.2.jar;C:\Users\petar\.m2\repository\xmlpull\xmlpull\1.1.3.1\xmlpull-1.1.3.1.jar;C:\Users\petar\.m2\repository\junit\junit\4.13.1\junit-4.13.1.jar;C:\Users\petar\.m2\repository\org\hamcrest\hamcrest-core\2.2\hamcrest-core-2.2.jar;C:\Users\petar\.m2\repository\org\hamcrest\hamcrest-library\2.2\hamcrest-library-2.2.jar;C:\Users\petar\.m2\repository\demo\facts2\1.0-SNAPSHOT\facts2-1.0-SNAPSHOT.jar;C:\Users\petar\.m2\repository\org\projectlombok\lombok\1.18.26\lombok-1.18.26.jar;"/>
    <property name="java.vm.vendor" value="Oracle Corporation"/>
    <property name="sun.arch.data.model" value="64"/>
    <property name="user.variant" value=""/>
    <property name="java.vendor.url" value="https://java.oracle.com/"/>
    <property name="user.timezone" value="Europe/Budapest"/>
    <property name="user.country.format" value="RS"/>
    <property name="os.name" value="Windows 10"/>
    <property name="java.vm.specification.version" value="20"/>
    <property name="sun.java.launcher" value="SUN_STANDARD"/>
    <property name="user.country" value="US"/>
    <property name="sun.boot.library.path" value="C:\Program Files\Java\jdk-20\bin"/>
    <property name="sun.java.command" value="C:\Users\petar\AppData\Local\Temp\surefire2421743615573247750\surefirebooter10585105202958073788.jar C:\Users\petar\AppData\Local\Temp\surefire2421743615573247750 2023-06-28T10-43-26_431-jvmRun1 surefire8822797346417059924tmp surefire_03878203703997595795tmp"/>
    <property name="jdk.debug" value="release"/>
    <property name="surefire.test.class.path" value="C:\faks_projekti\SBNZ\kjar-example - 2\kjar-example\drools-spring-app\target\test-classes;C:\faks_projekti\SBNZ\kjar-example - 2\kjar-example\drools-spring-app\target\classes;C:\Users\petar\.m2\repository\org\springframework\boot\spring-boot-starter-web\2.3.5.RELEASE\spring-boot-starter-web-2.3.5.RELEASE.jar;C:\Users\petar\.m2\repository\org\springframework\boot\spring-boot-starter\2.3.5.RELEASE\spring-boot-starter-2.3.5.RELEASE.jar;C:\Users\petar\.m2\repository\org\springframework\boot\spring-boot\2.3.5.RELEASE\spring-boot-2.3.5.RELEASE.jar;C:\Users\petar\.m2\repository\org\springframework\boot\spring-boot-autoconfigure\2.3.5.RELEASE\spring-boot-autoconfigure-2.3.5.RELEASE.jar;C:\Users\petar\.m2\repository\org\springframework\boot\spring-boot-starter-logging\2.3.5.RELEASE\spring-boot-starter-logging-2.3.5.RELEASE.jar;C:\Users\petar\.m2\repository\ch\qos\logback\logback-classic\1.2.3\logback-classic-1.2.3.jar;C:\Users\petar\.m2\repository\ch\qos\logback\logback-core\1.2.3\logback-core-1.2.3.jar;C:\Users\petar\.m2\repository\org\apache\logging\log4j\log4j-to-slf4j\2.13.3\log4j-to-slf4j-2.13.3.jar;C:\Users\petar\.m2\repository\org\apache\logging\log4j\log4j-api\2.13.3\log4j-api-2.13.3.jar;C:\Users\petar\.m2\repository\org\slf4j\jul-to-slf4j\1.7.30\jul-to-slf4j-1.7.30.jar;C:\Users\petar\.m2\repository\jakarta\annotation\jakarta.annotation-api\1.3.5\jakarta.annotation-api-1.3.5.jar;C:\Users\petar\.m2\repository\org\yaml\snakeyaml\1.26\snakeyaml-1.26.jar;C:\Users\petar\.m2\repository\org\springframework\boot\spring-boot-starter-json\2.3.5.RELEASE\spring-boot-starter-json-2.3.5.RELEASE.jar;C:\Users\petar\.m2\repository\com\fasterxml\jackson\core\jackson-databind\2.11.3\jackson-databind-2.11.3.jar;C:\Users\petar\.m2\repository\com\fasterxml\jackson\core\jackson-annotations\2.11.3\jackson-annotations-2.11.3.jar;C:\Users\petar\.m2\repository\com\fasterxml\jackson\core\jackson-core\2.11.3\jackson-core-2.11.3.jar;C:\Users\petar\.m2\repository\com\fasterxml\jackson\datatype\jackson-datatype-jdk8\2.11.3\jackson-datatype-jdk8-2.11.3.jar;C:\Users\petar\.m2\repository\com\fasterxml\jackson\datatype\jackson-datatype-jsr310\2.11.3\jackson-datatype-jsr310-2.11.3.jar;C:\Users\petar\.m2\repository\com\fasterxml\jackson\module\jackson-module-parameter-names\2.11.3\jackson-module-parameter-names-2.11.3.jar;C:\Users\petar\.m2\repository\org\springframework\boot\spring-boot-starter-tomcat\2.3.5.RELEASE\spring-boot-starter-tomcat-2.3.5.RELEASE.jar;C:\Users\petar\.m2\repository\org\apache\tomcat\embed\tomcat-embed-core\9.0.39\tomcat-embed-core-9.0.39.jar;C:\Users\petar\.m2\repository\org\glassfish\jakarta.el\3.0.3\jakarta.el-3.0.3.jar;C:\Users\petar\.m2\repository\org\apache\tomcat\embed\tomcat-embed-websocket\9.0.39\tomcat-embed-websocket-9.0.39.jar;C:\Users\petar\.m2\repository\org\springframework\spring-web\5.2.10.RELEASE\spring-web-5.2.10.RELEASE.jar;C:\Users\petar\.m2\repository\org\springframework\spring-webmvc\5.2.10.RELEASE\spring-webmvc-5.2.10.RELEASE.jar;C:\Users\petar\.m2\repository\org\springframework\spring-aop\5.2.10.RELEASE\spring-aop-5.2.10.RELEASE.jar;C:\Users\petar\.m2\repository\org\springframework\spring-expression\5.2.10.RELEASE\spring-expression-5.2.10.RELEASE.jar;C:\Users\petar\.m2\repository\org\springframework\boot\spring-boot-starter-test\2.3.5.RELEASE\spring-boot-starter-test-2.3.5.RELEASE.jar;C:\Users\petar\.m2\repository\org\springframework\boot\spring-boot-test\2.3.5.RELEASE\spring-boot-test-2.3.5.RELEASE.jar;C:\Users\petar\.m2\repository\org\springframework\boot\spring-boot-test-autoconfigure\2.3.5.RELEASE\spring-boot-test-autoconfigure-2.3.5.RELEASE.jar;C:\Users\petar\.m2\repository\jakarta\xml\bind\jakarta.xml.bind-api\2.3.3\jakarta.xml.bind-api-2.3.3.jar;C:\Users\petar\.m2\repository\jakarta\activation\jakarta.activation-api\1.2.2\jakarta.activation-api-1.2.2.jar;C:\Users\petar\.m2\repository\org\assertj\assertj-core\3.16.1\assertj-core-3.16.1.jar;C:\Users\petar\.m2\repository\org\hamcrest\hamcrest\2.2\hamcrest-2.2.jar;C:\Users\petar\.m2\repository\org\junit\jupiter\junit-jupiter\5.6.3\junit-jupiter-5.6.3.jar;C:\Users\petar\.m2\repository\org\junit\jupiter\junit-jupiter-api\5.6.3\junit-jupiter-api-5.6.3.jar;C:\Users\petar\.m2\repository\org\opentest4j\opentest4j\1.2.0\opentest4j-1.2.0.jar;C:\Users\petar\.m2\repository\org\junit\platform\junit-platform-commons\1.6.3\junit-platform-commons-1.6.3.jar;C:\Users\petar\.m2\repository\org\junit\jupiter\junit-jupiter-params\5.6.3\junit-jupiter-params-5.6.3.jar;C:\Users\petar\.m2\repository\org\junit\jupiter\junit-jupiter-engine\5.6.3\junit-jupiter-engine-5.6.3.jar;C:\Users\petar\.m2\repository\org\junit\vintage\junit-vintage-engine\5.6.3\junit-vintage-engine-5.6.3.jar;C:\Users\petar\.m2\repository\org\apiguardian\apiguardian-api\1.1.0\apiguardian-api-1.1.0.jar;C:\Users\petar\.m2\repository\org\junit\platform\junit-platform-engine\1.6.3\junit-platform-engine-1.6.3.jar;C:\Users\petar\.m2\repository\org\mockito\mockito-core\3.3.3\mockito-core-3.3.3.jar;C:\Users\petar\.m2\repository\net\bytebuddy\byte-buddy\1.10.17\byte-buddy-1.10.17.jar;C:\Users\petar\.m2\repository\net\bytebuddy\byte-buddy-agent\1.10.17\byte-buddy-agent-1.10.17.jar;C:\Users\petar\.m2\repository\org\objenesis\objenesis\2.6\objenesis-2.6.jar;C:\Users\petar\.m2\repository\org\mockito\mockito-junit-jupiter\3.3.3\mockito-junit-jupiter-3.3.3.jar;C:\Users\petar\.m2\repository\org\skyscreamer\jsonassert\1.5.0\jsonassert-1.5.0.jar;C:\Users\petar\.m2\repository\com\vaadin\external\google\android-json\0.0.20131108.vaadin1\android-json-0.0.20131108.vaadin1.jar;C:\Users\petar\.m2\repository\org\springframework\spring-core\5.2.10.RELEASE\spring-core-5.2.10.RELEASE.jar;C:\Users\petar\.m2\repository\org\springframework\spring-jcl\5.2.10.RELEASE\spring-jcl-5.2.10.RELEASE.jar;C:\Users\petar\.m2\repository\org\springframework\spring-test\5.2.10.RELEASE\spring-test-5.2.10.RELEASE.jar;C:\Users\petar\.m2\repository\org\xmlunit\xmlunit-core\2.7.0\xmlunit-core-2.7.0.jar;C:\Users\petar\.m2\repository\com\jayway\jsonpath\json-path\2.4.0\json-path-2.4.0.jar;C:\Users\petar\.m2\repository\net\minidev\json-smart\2.3\json-smart-2.3.jar;C:\Users\petar\.m2\repository\net\minidev\accessors-smart\1.2\accessors-smart-1.2.jar;C:\Users\petar\.m2\repository\org\ow2\asm\asm\5.0.4\asm-5.0.4.jar;C:\Users\petar\.m2\repository\org\slf4j\slf4j-api\1.7.30\slf4j-api-1.7.30.jar;C:\Users\petar\.m2\repository\org\kie\kie-ci\7.73.0.Final\kie-ci-7.73.0.Final.jar;C:\Users\petar\.m2\repository\org\drools\drools-core-reflective\7.73.0.Final\drools-core-reflective-7.73.0.Final.jar;C:\Users\petar\.m2\repository\org\kie\kie-memory-compiler\7.73.0.Final\kie-memory-compiler-7.73.0.Final.jar;C:\Users\petar\.m2\repository\org\drools\drools-core-dynamic\7.73.0.Final\drools-core-dynamic-7.73.0.Final.jar;C:\Users\petar\.m2\repository\org\drools\drools-core\7.73.0.Final\drools-core-7.73.0.Final.jar;C:\Users\petar\.m2\repository\org\kie\soup\kie-soup-xstream\7.73.0.Final\kie-soup-xstream-7.73.0.Final.jar;C:\Users\petar\.m2\repository\commons-codec\commons-codec\1.14\commons-codec-1.14.jar;C:\Users\petar\.m2\repository\org\drools\drools-compiler\7.73.0.Final\drools-compiler-7.73.0.Final.jar;C:\Users\petar\.m2\repository\org\drools\drools-ecj\7.73.0.Final\drools-ecj-7.73.0.Final.jar;C:\Users\petar\.m2\repository\org\antlr\antlr-runtime\3.5.2\antlr-runtime-3.5.2.jar;C:\Users\petar\.m2\repository\org\drools\drools-mvel\7.73.0.Final\drools-mvel-7.73.0.Final.jar;C:\Users\petar\.m2\repository\org\mvel\mvel2\2.4.14.Final\mvel2-2.4.14.Final.jar;C:\Users\petar\.m2\repository\org\kie\soup\kie-soup-project-datamodel-commons\7.73.0.Final\kie-soup-project-datamodel-commons-7.73.0.Final.jar;C:\Users\petar\.m2\repository\org\kie\soup\kie-soup-project-datamodel-api\7.73.0.Final\kie-soup-project-datamodel-api-7.73.0.Final.jar;C:\Users\petar\.m2\repository\org\drools\drools-serialization-protobuf\7.73.0.Final\drools-serialization-protobuf-7.73.0.Final.jar;C:\Users\petar\.m2\repository\com\google\protobuf\protobuf-java\3.19.4\protobuf-java-3.19.4.jar;C:\Users\petar\.m2\repository\org\kie\kie-internal\7.73.0.Final\kie-internal-7.73.0.Final.jar;C:\Users\petar\.m2\repository\org\kie\kie-api\7.73.0.Final\kie-api-7.73.0.Final.jar;C:\Users\petar\.m2\repository\org\kie\soup\kie-soup-maven-support\7.73.0.Final\kie-soup-maven-support-7.73.0.Final.jar;C:\Users\petar\.m2\repository\org\kie\soup\kie-soup-maven-integration\7.73.0.Final\kie-soup-maven-integration-7.73.0.Final.jar;C:\Users\petar\.m2\repository\org\apache\maven\maven-artifact\3.3.9\maven-artifact-3.3.9.jar;C:\Users\petar\.m2\repository\org\apache\maven\maven-plugin-api\3.3.9\maven-plugin-api-3.3.9.jar;C:\Users\petar\.m2\repository\org\eclipse\aether\aether-util\1.1.0\aether-util-1.1.0.jar;C:\Users\petar\.m2\repository\org\eclipse\aether\aether-spi\1.1.0\aether-spi-1.1.0.jar;C:\Users\petar\.m2\repository\org\eclipse\aether\aether-transport-file\1.1.0\aether-transport-file-1.1.0.jar;C:\Users\petar\.m2\repository\org\eclipse\aether\aether-transport-http\1.1.0\aether-transport-http-1.1.0.jar;C:\Users\petar\.m2\repository\jakarta\inject\jakarta.inject-api\1.0.3\jakarta.inject-api-1.0.3.jar;C:\Users\petar\.m2\repository\jakarta\enterprise\jakarta.enterprise.cdi-api\2.0.2\jakarta.enterprise.cdi-api-2.0.2.jar;C:\Users\petar\.m2\repository\jakarta\el\jakarta.el-api\3.0.3\jakarta.el-api-3.0.3.jar;C:\Users\petar\.m2\repository\jakarta\interceptor\jakarta.interceptor-api\1.2.5\jakarta.interceptor-api-1.2.5.jar;C:\Users\petar\.m2\repository\jakarta\ejb\jakarta.ejb-api\3.2.6\jakarta.ejb-api-3.2.6.jar;C:\Users\petar\.m2\repository\jakarta\transaction\jakarta.transaction-api\1.3.3\jakarta.transaction-api-1.3.3.jar;C:\Users\petar\.m2\repository\org\apache\ant\ant\1.10.11\ant-1.10.11.jar;C:\Users\petar\.m2\repository\org\apache\ant\ant-launcher\1.10.11\ant-launcher-1.10.11.jar;C:\Users\petar\.m2\repository\org\apache\httpcomponents\httpcore\4.4.13\httpcore-4.4.13.jar;C:\Users\petar\.m2\repository\com\google\inject\guice\4.0\guice-4.0-no_aop.jar;C:\Users\petar\.m2\repository\aopalliance\aopalliance\1.0\aopalliance-1.0.jar;C:\Users\petar\.m2\repository\org\apache\maven\maven-core\3.3.9\maven-core-3.3.9.jar;C:\Users\petar\.m2\repository\org\apache\maven\maven-repository-metadata\3.3.9\maven-repository-metadata-3.3.9.jar;C:\Users\petar\.m2\repository\org\codehaus\plexus\plexus-interpolation\1.21\plexus-interpolation-1.21.jar;C:\Users\petar\.m2\repository\org\codehaus\plexus\plexus-component-annotations\1.6\plexus-component-annotations-1.6.jar;C:\Users\petar\.m2\repository\org\apache\commons\commons-lang3\3.10\commons-lang3-3.10.jar;C:\Users\petar\.m2\repository\org\apache\maven\maven-model\3.3.9\maven-model-3.3.9.jar;C:\Users\petar\.m2\repository\org\apache\maven\maven-model-builder\3.3.9\maven-model-builder-3.3.9.jar;C:\Users\petar\.m2\repository\org\apache\maven\maven-builder-support\3.3.9\maven-builder-support-3.3.9.jar;C:\Users\petar\.m2\repository\com\google\guava\guava\18.0\guava-18.0.jar;C:\Users\petar\.m2\repository\org\apache\maven\maven-settings\3.3.9\maven-settings-3.3.9.jar;C:\Users\petar\.m2\repository\org\apache\maven\maven-settings-builder\3.3.9\maven-settings-builder-3.3.9.jar;C:\Users\petar\.m2\repository\org\apache\maven\maven-compat\3.3.9\maven-compat-3.3.9.jar;C:\Users\petar\.m2\repository\org\apache\maven\maven-aether-provider\3.3.9\maven-aether-provider-3.3.9.jar;C:\Users\petar\.m2\repository\org\apache\maven\wagon\wagon-provider-api\3.0.0\wagon-provider-api-3.0.0.jar;C:\Users\petar\.m2\repository\org\sonatype\plexus\plexus-sec-dispatcher\1.3\plexus-sec-dispatcher-1.3.jar;C:\Users\petar\.m2\repository\org\codehaus\plexus\plexus-classworlds\2.5.2\plexus-classworlds-2.5.2.jar;C:\Users\petar\.m2\repository\org\codehaus\plexus\plexus-utils\3.0.22\plexus-utils-3.0.22.jar;C:\Users\petar\.m2\repository\org\eclipse\aether\aether-api\1.1.0\aether-api-1.1.0.jar;C:\Users\petar\.m2\repository\org\eclipse\aether\aether-impl\1.1.0\aether-impl-1.1.0.jar;C:\Users\petar\.m2\repository\org\eclipse\aether\aether-connector-basic\1.1.0\aether-connector-basic-1.1.0.jar;C:\Users\petar\.m2\repository\org\eclipse\aether\aether-transport-wagon\1.1.0\aether-transport-wagon-1.1.0.jar;C:\Users\petar\.m2\repository\org\eclipse\sisu\org.eclipse.sisu.plexus\0.3.2\org.eclipse.sisu.plexus-0.3.2.jar;C:\Users\petar\.m2\repository\javax\enterprise\cdi-api\1.0\cdi-api-1.0.jar;C:\Users\petar\.m2\repository\javax\annotation\jsr250-api\1.0\jsr250-api-1.0.jar;C:\Users\petar\.m2\repository\javax\inject\javax.inject\1\javax.inject-1.jar;C:\Users\petar\.m2\repository\org\eclipse\sisu\org.eclipse.sisu.inject\0.3.2\org.eclipse.sisu.inject-0.3.2.jar;C:\Users\petar\.m2\repository\org\apache\maven\wagon\wagon-http\3.0.0\wagon-http-3.0.0.jar;C:\Users\petar\.m2\repository\org\apache\maven\wagon\wagon-http-shared\3.0.0\wagon-http-shared-3.0.0.jar;C:\Users\petar\.m2\repository\org\jsoup\jsoup\1.7.2\jsoup-1.7.2.jar;C:\Users\petar\.m2\repository\org\apache\httpcomponents\httpclient\4.5.13\httpclient-4.5.13.jar;C:\Users\petar\.m2\repository\commons-io\commons-io\2.7\commons-io-2.7.jar;C:\Users\petar\.m2\repository\org\slf4j\jcl-over-slf4j\1.7.30\jcl-over-slf4j-1.7.30.jar;C:\Users\petar\.m2\repository\org\sonatype\plexus\plexus-cipher\1.7\plexus-cipher-1.7.jar;C:\Users\petar\.m2\repository\org\kie\kie-spring\7.73.0.Final\kie-spring-7.73.0.Final.jar;C:\Users\petar\.m2\repository\org\jbpm\jbpm-flow\7.73.0.Final\jbpm-flow-7.73.0.Final.jar;C:\Users\petar\.m2\repository\org\kie\soup\kie-soup-commons\7.73.0.Final\kie-soup-commons-7.73.0.Final.jar;C:\Users\petar\.m2\repository\org\kie\kie-dmn-api\7.73.0.Final\kie-dmn-api-7.73.0.Final.jar;C:\Users\petar\.m2\repository\org\kie\kie-dmn-feel\7.73.0.Final\kie-dmn-feel-7.73.0.Final.jar;C:\Users\petar\.m2\repository\org\kie\kie-dmn-model\7.73.0.Final\kie-dmn-model-7.73.0.Final.jar;C:\Users\petar\.m2\repository\org\antlr\antlr4-runtime\4.9.2\antlr4-runtime-4.9.2.jar;C:\Users\petar\.m2\repository\com\github\javaparser\javaparser-core\3.23.1\javaparser-core-3.23.1.jar;C:\Users\petar\.m2\repository\ch\obermuhlner\big-math\2.0.1\big-math-2.0.1.jar;C:\Users\petar\.m2\repository\org\kie\kie-dmn-core\7.73.0.Final\kie-dmn-core-7.73.0.Final.jar;C:\Users\petar\.m2\repository\org\kie\kie-dmn-backend\7.73.0.Final\kie-dmn-backend-7.73.0.Final.jar;C:\Users\petar\.m2\repository\org\drools\drools-ruleunit\7.73.0.Final\drools-ruleunit-7.73.0.Final.jar;C:\Users\petar\.m2\repository\org\drools\drools-canonical-model\7.73.0.Final\drools-canonical-model-7.73.0.Final.jar;C:\Users\petar\.m2\repository\org\drools\drools-model-compiler\7.73.0.Final\drools-model-compiler-7.73.0.Final.jar;C:\Users\petar\.m2\repository\org\drools\drools-mvel-compiler\7.73.0.Final\drools-mvel-compiler-7.73.0.Final.jar;C:\Users\petar\.m2\repository\org\drools\drools-mvel-parser\7.73.0.Final\drools-mvel-parser-7.73.0.Final.jar;C:\Users\petar\.m2\repository\org\drools\drools-alphanetwork-compiler\7.73.0.Final\drools-alphanetwork-compiler-7.73.0.Final.jar;C:\Users\petar\.m2\repository\org\jpmml\pmml-model\1.5.1\pmml-model-1.5.1.jar;C:\Users\petar\.m2\repository\org\jpmml\pmml-agent\1.5.1\pmml-agent-1.5.1.jar;C:\Users\petar\.m2\repository\org\springframework\spring-tx\5.2.10.RELEASE\spring-tx-5.2.10.RELEASE.jar;C:\Users\petar\.m2\repository\org\drools\drools-decisiontables\7.73.0.Final\drools-decisiontables-7.73.0.Final.jar;C:\Users\petar\.m2\repository\org\drools\drools-templates\7.73.0.Final\drools-templates-7.73.0.Final.jar;C:\Users\petar\.m2\repository\org\apache\poi\poi-ooxml\4.1.2\poi-ooxml-4.1.2.jar;C:\Users\petar\.m2\repository\org\apache\poi\poi-ooxml-schemas\4.1.2\poi-ooxml-schemas-4.1.2.jar;C:\Users\petar\.m2\repository\org\apache\xmlbeans\xmlbeans\3.1.0\xmlbeans-3.1.0.jar;C:\Users\petar\.m2\repository\org\apache\commons\commons-compress\1.19\commons-compress-1.19.jar;C:\Users\petar\.m2\repository\com\github\virtuald\curvesapi\1.06\curvesapi-1.06.jar;C:\Users\petar\.m2\repository\org\apache\poi\poi\4.1.2\poi-4.1.2.jar;C:\Users\petar\.m2\repository\org\apache\commons\commons-collections4\4.4\commons-collections4-4.4.jar;C:\Users\petar\.m2\repository\org\apache\commons\commons-math3\3.6.1\commons-math3-3.6.1.jar;C:\Users\petar\.m2\repository\com\zaxxer\SparseBitSet\1.2\SparseBitSet-1.2.jar;C:\Users\petar\.m2\repository\org\springframework\spring-beans\5.2.10.RELEASE\spring-beans-5.2.10.RELEASE.jar;C:\Users\petar\.m2\repository\org\springframework\spring-context\5.2.10.RELEASE\spring-context-5.2.10.RELEASE.jar;C:\Users\petar\.m2\repository\com\thoughtworks\xstream\xstream\1.4.19\xstream-1.4.19.jar;C:\Users\petar\.m2\repository\io\github\x-stream\mxparser\1.2.2\mxparser-1.2.2.jar;C:\Users\petar\.m2\repository\xmlpull\xmlpull\1.1.3.1\xmlpull-1.1.3.1.jar;C:\Users\petar\.m2\repository\junit\junit\4.13.1\junit-4.13.1.jar;C:\Users\petar\.m2\repository\org\hamcrest\hamcrest-core\2.2\hamcrest-core-2.2.jar;C:\Users\petar\.m2\repository\org\hamcrest\hamcrest-library\2.2\hamcrest-library-2.2.jar;C:\Users\petar\.m2\repository\demo\facts2\1.0-SNAPSHOT\facts2-1.0-SNAPSHOT.jar;C:\Users\petar\.m2\repository\org\projectlombok\lombok\1.18.26\lombok-1.18.26.jar;"/>
    <property name="sun.cpu.endian" value="little"/>
    <property name="user.home" value="C:\Users\petar"/>
    <property name="user.language" value="en"/>
    <property name="java.specification.vendor" value="Oracle Corporation"/>
    <property name="java.version.date" value="2023-04-18"/>
    <property name="java.home" value="C:\Program Files\Java\jdk-20"/>
    <property name="file.separator" value="\"/>
    <property name="basedir" value="C:\faks_projekti\SBNZ\kjar-example - 2\kjar-example\drools-spring-app"/>
    <property name="java.vm.compressedOopsMode" value="Zero based"/>
    <property name="line.separator" value="&#10;"/>
    <property name="java.vm.specification.vendor" value="Oracle Corporation"/>
    <property name="java.specification.name" value="Java Platform API Specification"/>
    <property name="surefire.real.class.path" value="C:\Users\petar\AppData\Local\Temp\surefire2421743615573247750\surefirebooter10585105202958073788.jar"/>
    <property name="user.script" value=""/>
    <property name="user.script.format" value="Latn"/>
    <property name="sun.management.compiler" value="HotSpot 64-Bit Tiered Compilers"/>
    <property name="java.runtime.version" value="20.0.1+9-29"/>
    <property name="user.name" value="petar"/>
    <property name="stdout.encoding" value="Cp1252"/>
    <property name="path.separator" value=";"/>
    <property name="os.version" value="10.0"/>
    <property name="java.runtime.name" value="Java(TM) SE Runtime Environment"/>
    <property name="file.encoding" value="UTF-8"/>
    <property name="java.vm.name" value="Java HotSpot(TM) 64-Bit Server VM"/>
    <property name="localRepository" value="C:\Users\petar\.m2\repository"/>
    <property name="java.vendor.url.bug" value="https://bugreport.java.com/bugreport/"/>
    <property name="java.io.tmpdir" value="C:\Users\petar\AppData\Local\Temp\"/>
    <property name="java.version" value="20.0.1"/>
    <property name="user.dir" value="C:\faks_projekti\SBNZ\kjar-example - 2\kjar-example\drools-spring-app"/>
    <property name="os.arch" value="amd64"/>
    <property name="java.vm.specification.name" value="Java Virtual Machine Specification"/>
    <property name="user.language.format" value="sr"/>
    <property name="sun.os.patch.level" value=""/>
    <property name="native.encoding" value="Cp1252"/>
    <property name="java.library.path" value="C:\Program Files\Java\jdk-20\bin;C:\Windows\Sun\Java\bin;C:\Windows\system32;C:\Windows;C:\Program Files\Common Files\Oracle\Java\javapath;C:\Windows\system32;C:\Windows;C:\Windows\System32\Wbem;C:\Windows\System32\WindowsPowerShell\v1.0\;C:\Windows\System32\OpenSSH\;C:\Program Files\Microsoft SQL Server\150\Tools\Binn\;C:\Program Files\Microsoft SQL Server\Client SDK\ODBC\170\Tools\Binn\;C:\Program Files\dotnet\;C:\Program Files\Git\cmd;C:\Program Files\nodejs\;C:\Program Files\Docker\Docker\resources\bin;C:\Program Files\Java\jdk-20\bin;C:\Program Files\Java\apache-maven-3.9.2\bin;C:\Users\petar\Downloads\openjdk-15+36_windows-x64_bin\jdk-15\bin;C:\Users\petar\AppData\Local\Microsoft\WindowsApps;C:\Users\petar\AppData\Local\Programs\Microsoft VS Code\bin;C:\Users\petar\.dotnet\tools;C:\Users\petar\AppData\Roaming\npm;C:\Program Files\MongoDB\Server\6.0\bin\;C:\Program FIles\Mongosh\bin\;;."/>
    <property name="java.vm.info" value="mixed mode, sharing"/>
    <property name="stderr.encoding" value="Cp1252"/>
    <property name="java.vendor" value="Oracle Corporation"/>
    <property name="java.vm.version" value="20.0.1+9-29"/>
    <property name="sun.io.unicode.encoding" value="UnicodeLittle"/>
    <property name="java.class.version" value="64.0"/>
  </properties>
  <testcase name="aboveAverageTransactionAmount" classname="AboveAverageTransactionAmountTest" time="0.305">
    <failure type="java.lang.AssertionError">java.lang.AssertionError
	at AboveAverageTransactionAmountTest.aboveAverageTransactionAmount(AboveAverageTransactionAmountTest.java:42)
</failure>
    <system-out><![CDATA[10:43:27.483 [main] DEBUG org.kie.api.internal.utils.ServiceDiscoveryImpl - Discovered kie.conf files: [jar:file:/C:/Users/petar/.m2/repository/org/kie/kie-ci/7.73.0.Final/kie-ci-7.73.0.Final.jar!/META-INF/kie/kie-ci/kie.conf, jar:file:/C:/Users/petar/.m2/repository/org/drools/drools-core/7.73.0.Final/drools-core-7.73.0.Final.jar!/META-INF/kie/drools-core/kie.conf, jar:file:/C:/Users/petar/.m2/repository/org/drools/drools-compiler/7.73.0.Final/drools-compiler-7.73.0.Final.jar!/META-INF/kie/drools-compiler/kie.conf, jar:file:/C:/Users/petar/.m2/repository/org/drools/drools-mvel/7.73.0.Final/drools-mvel-7.73.0.Final.jar!/META-INF/kie/drools-mvel/kie.conf, jar:file:/C:/Users/petar/.m2/repository/org/drools/drools-serialization-protobuf/7.73.0.Final/drools-serialization-protobuf-7.73.0.Final.jar!/META-INF/kie/drools-serialization-protobuf/kie.conf, jar:file:/C:/Users/petar/.m2/repository/org/kie/kie-internal/7.73.0.Final/kie-internal-7.73.0.Final.jar!/META-INF/kie/kie-internal/kie.conf, jar:file:/C:/Users/petar/.m2/repository/org/jbpm/jbpm-flow/7.73.0.Final/jbpm-flow-7.73.0.Final.jar!/META-INF/kie/jbpm-flow/kie.conf, jar:file:/C:/Users/petar/.m2/repository/org/kie/kie-dmn-core/7.73.0.Final/kie-dmn-core-7.73.0.Final.jar!/META-INF/kie/kie-dmn-core/kie.conf, jar:file:/C:/Users/petar/.m2/repository/org/drools/drools-ruleunit/7.73.0.Final/drools-ruleunit-7.73.0.Final.jar!/META-INF/kie/drools-ruleunit/kie.conf, jar:file:/C:/Users/petar/.m2/repository/org/drools/drools-model-compiler/7.73.0.Final/drools-model-compiler-7.73.0.Final.jar!/META-INF/kie/drools-model-compiler/kie.conf, jar:file:/C:/Users/petar/.m2/repository/org/drools/drools-alphanetwork-compiler/7.73.0.Final/drools-alphanetwork-compiler-7.73.0.Final.jar!/META-INF/kie/drools-alphanetwork-compiler/kie.conf, jar:file:/C:/Users/petar/.m2/repository/org/drools/drools-decisiontables/7.73.0.Final/drools-decisiontables-7.73.0.Final.jar!/META-INF/kie/drools-decisiontables/kie.conf]
10:43:27.487 [main] DEBUG org.kie.api.internal.utils.ServiceDiscoveryImpl - Loading kie.conf from jar:file:/C:/Users/petar/.m2/repository/org/kie/kie-ci/7.73.0.Final/kie-ci-7.73.0.Final.jar!/META-INF/kie/kie-ci/kie.conf in classloader jdk.internal.loader.ClassLoaders$AppClassLoader@70dea4e
10:43:27.491 [main] DEBUG org.kie.api.internal.utils.ServiceDiscoveryImpl - Added Service org.kie.scanner.KieScannerFactoryServiceImpl with priority 0
10:43:27.497 [main] DEBUG org.kie.api.internal.utils.ServiceDiscoveryImpl - Added Service org.kie.scanner.MavenClassLoaderResolver with priority 0
10:43:27.497 [main] DEBUG org.kie.api.internal.utils.ServiceDiscoveryImpl - Loading kie.conf from jar:file:/C:/Users/petar/.m2/repository/org/drools/drools-core/7.73.0.Final/drools-core-7.73.0.Final.jar!/META-INF/kie/drools-core/kie.conf in classloader jdk.internal.loader.ClassLoaders$AppClassLoader@70dea4e
10:43:27.499 [main] DEBUG org.kie.api.internal.utils.ServiceDiscoveryImpl - Added Service org.drools.core.io.impl.ResourceFactoryServiceImpl with priority 0
10:43:27.500 [main] DEBUG org.kie.api.internal.utils.ServiceDiscoveryImpl - Added Service org.drools.core.concurrent.ExecutorProviderImpl with priority 0
10:43:27.501 [main] DEBUG org.kie.api.internal.utils.ServiceDiscoveryImpl - Loading kie.conf from jar:file:/C:/Users/petar/.m2/repository/org/drools/drools-compiler/7.73.0.Final/drools-compiler-7.73.0.Final.jar!/META-INF/kie/drools-compiler/kie.conf in classloader jdk.internal.loader.ClassLoaders$AppClassLoader@70dea4e
10:43:27.507 [main] DEBUG org.kie.api.internal.utils.ServiceDiscoveryImpl - Added Service org.drools.compiler.kie.builder.impl.KieServicesImpl with priority 0
10:43:27.510 [main] DEBUG org.kie.api.internal.utils.ServiceDiscoveryImpl - Added Service org.drools.compiler.builder.impl.KnowledgeBuilderFactoryServiceImpl with priority 0
10:43:27.510 [main] DEBUG org.kie.api.internal.utils.ServiceDiscoveryImpl - Added Service org.drools.compiler.builder.impl.JaxbConfigurationFactoryServiceImpl with priority 0
10:43:27.511 [main] DEBUG org.kie.api.internal.utils.ServiceDiscoveryImpl - Added Service org.drools.compiler.kie.builder.impl.KieBaseUpdatersImpl with priority 0
10:43:27.511 [main] DEBUG org.kie.api.internal.utils.ServiceDiscoveryImpl - Loading kie.conf from jar:file:/C:/Users/petar/.m2/repository/org/drools/drools-mvel/7.73.0.Final/drools-mvel-7.73.0.Final.jar!/META-INF/kie/drools-mvel/kie.conf in classloader jdk.internal.loader.ClassLoaders$AppClassLoader@70dea4e
10:43:27.559 [main] DEBUG org.kie.api.internal.utils.ServiceDiscoveryImpl - Added Service org.drools.mvel.MVELConstraintBuilder with priority 0
10:43:27.561 [main] DEBUG org.kie.api.internal.utils.ServiceDiscoveryImpl - Added Service org.drools.mvel.MVELCoreComponentsBuilder with priority 0
10:43:27.564 [main] DEBUG org.kie.api.internal.utils.ServiceDiscoveryImpl - Added Service org.drools.mvel.asm.ClassFieldAccessorFactory with priority 0
10:43:27.573 [main] DEBUG org.kie.api.internal.utils.ServiceDiscoveryImpl - Added Service org.drools.mvel.asm.DefaultClassBuilderFactory with priority 0
10:43:27.573 [main] DEBUG org.kie.api.internal.utils.ServiceDiscoveryImpl - Loading kie.conf from jar:file:/C:/Users/petar/.m2/repository/org/drools/drools-serialization-protobuf/7.73.0.Final/drools-serialization-protobuf-7.73.0.Final.jar!/META-INF/kie/drools-serialization-protobuf/kie.conf in classloader jdk.internal.loader.ClassLoaders$AppClassLoader@70dea4e
10:43:27.577 [main] DEBUG org.kie.api.internal.utils.ServiceDiscoveryImpl - Added Service org.drools.serialization.protobuf.MarshallerProviderImpl with priority 0
10:43:27.578 [main] DEBUG org.kie.api.internal.utils.ServiceDiscoveryImpl - Added Service org.drools.serialization.protobuf.CompilationCacheProviderImpl with priority 0
10:43:27.578 [main] DEBUG org.kie.api.internal.utils.ServiceDiscoveryImpl - Loading kie.conf from jar:file:/C:/Users/petar/.m2/repository/org/kie/kie-internal/7.73.0.Final/kie-internal-7.73.0.Final.jar!/META-INF/kie/kie-internal/kie.conf in classloader jdk.internal.loader.ClassLoaders$AppClassLoader@70dea4e
10:43:27.580 [main] DEBUG org.kie.api.internal.utils.ServiceDiscoveryImpl - Added Service org.kie.internal.services.KieAssemblersImpl with priority 0
10:43:27.581 [main] DEBUG org.kie.api.internal.utils.ServiceDiscoveryImpl - Added Service org.kie.internal.services.KieRuntimesImpl with priority 0
10:43:27.582 [main] DEBUG org.kie.api.internal.utils.ServiceDiscoveryImpl - Added Service org.kie.internal.services.KieWeaversImpl with priority 0
10:43:27.584 [main] DEBUG org.kie.api.internal.utils.ServiceDiscoveryImpl - Added Service org.kie.internal.services.KieBeliefsImpl with priority 0
10:43:27.584 [main] DEBUG org.kie.api.internal.utils.ServiceDiscoveryImpl - Loading kie.conf from jar:file:/C:/Users/petar/.m2/repository/org/jbpm/jbpm-flow/7.73.0.Final/jbpm-flow-7.73.0.Final.jar!/META-INF/kie/jbpm-flow/kie.conf in classloader jdk.internal.loader.ClassLoaders$AppClassLoader@70dea4e
10:43:27.585 [main] DEBUG org.kie.api.internal.utils.ServiceDiscoveryImpl - Added Service org.jbpm.marshalling.impl.ProcessMarshallerFactoryServiceImpl with priority 0
10:43:27.587 [main] DEBUG org.kie.api.internal.utils.ServiceDiscoveryImpl - Added Service org.jbpm.process.instance.ProcessRuntimeFactoryServiceImpl with priority 0
10:43:27.588 [main] DEBUG org.kie.api.internal.utils.ServiceDiscoveryImpl - Loading kie.conf from jar:file:/C:/Users/petar/.m2/repository/org/kie/kie-dmn-core/7.73.0.Final/kie-dmn-core-7.73.0.Final.jar!/META-INF/kie/kie-dmn-core/kie.conf in classloader jdk.internal.loader.ClassLoaders$AppClassLoader@70dea4e
10:43:27.592 [main] DEBUG org.kie.api.internal.utils.ServiceDiscoveryImpl - Added child Service +org.kie.dmn.core.assembler.DMNAssemblerService
10:43:27.594 [main] DEBUG org.kie.api.internal.utils.ServiceDiscoveryImpl - Added child Service +org.kie.dmn.core.runtime.DMNRuntimeService
10:43:27.595 [main] DEBUG org.kie.api.internal.utils.ServiceDiscoveryImpl - Added child Service +org.kie.dmn.core.weaver.DMNWeaverService
10:43:27.595 [main] DEBUG org.kie.api.internal.utils.ServiceDiscoveryImpl - Loading kie.conf from jar:file:/C:/Users/petar/.m2/repository/org/drools/drools-ruleunit/7.73.0.Final/drools-ruleunit-7.73.0.Final.jar!/META-INF/kie/drools-ruleunit/kie.conf in classloader jdk.internal.loader.ClassLoaders$AppClassLoader@70dea4e
10:43:27.596 [main] DEBUG org.kie.api.internal.utils.ServiceDiscoveryImpl - Added Service org.drools.ruleunit.impl.RuleUnitComponentFactoryImpl with priority 0
10:43:27.596 [main] DEBUG org.kie.api.internal.utils.ServiceDiscoveryImpl - Loading kie.conf from jar:file:/C:/Users/petar/.m2/repository/org/drools/drools-model-compiler/7.73.0.Final/drools-model-compiler-7.73.0.Final.jar!/META-INF/kie/drools-model-compiler/kie.conf in classloader jdk.internal.loader.ClassLoaders$AppClassLoader@70dea4e
10:43:27.598 [main] DEBUG org.kie.api.internal.utils.ServiceDiscoveryImpl - Added Service org.drools.modelcompiler.CanonicalKieModuleProvider with priority 0
10:43:27.599 [main] DEBUG org.kie.api.internal.utils.ServiceDiscoveryImpl - Added child Service +org.drools.modelcompiler.drlx.DrlxAssembler
10:43:27.599 [main] DEBUG org.kie.api.internal.utils.ServiceDiscoveryImpl - Loading kie.conf from jar:file:/C:/Users/petar/.m2/repository/org/drools/drools-alphanetwork-compiler/7.73.0.Final/drools-alphanetwork-compiler-7.73.0.Final.jar!/META-INF/kie/drools-alphanetwork-compiler/kie.conf in classloader jdk.internal.loader.ClassLoaders$AppClassLoader@70dea4e
10:43:27.601 [main] DEBUG org.kie.api.internal.utils.ServiceDiscoveryImpl - Added child Service +org.drools.ancompiler.KieBaseUpdaterANCFactory
10:43:27.601 [main] DEBUG org.kie.api.internal.utils.ServiceDiscoveryImpl - Loading kie.conf from jar:file:/C:/Users/petar/.m2/repository/org/drools/drools-decisiontables/7.73.0.Final/drools-decisiontables-7.73.0.Final.jar!/META-INF/kie/drools-decisiontables/kie.conf in classloader jdk.internal.loader.ClassLoaders$AppClassLoader@70dea4e
10:43:27.603 [main] DEBUG org.kie.api.internal.utils.ServiceDiscoveryImpl - Added Service org.drools.decisiontable.DecisionTableProviderImpl with priority 0
10:43:27.604 [main] DEBUG org.kie.api.internal.utils.ServiceDiscoveryImpl - Service org.kie.internal.builder.KnowledgeBuilderFactoryService is implemented by org.drools.compiler.builder.impl.KnowledgeBuilderFactoryServiceImpl@514646ef
10:43:27.604 [main] DEBUG org.kie.api.internal.utils.ServiceDiscoveryImpl - Service org.kie.api.internal.runtime.beliefs.KieBeliefs is implemented by org.kie.internal.services.KieBeliefsImpl@305ffe9e
10:43:27.604 [main] DEBUG org.kie.api.internal.utils.ServiceDiscoveryImpl - Service org.drools.compiler.rule.builder.ConstraintBuilder is implemented by org.drools.mvel.MVELConstraintBuilder@302c971f
10:43:27.604 [main] DEBUG org.kie.api.internal.utils.ServiceDiscoveryImpl - Service org.drools.core.base.FieldAccessorFactory is implemented by org.drools.mvel.asm.ClassFieldAccessorFactory@1972e513
10:43:27.604 [main] DEBUG org.kie.api.internal.utils.ServiceDiscoveryImpl - Service org.drools.compiler.kie.builder.impl.KieBaseUpdaters is implemented by org.drools.compiler.kie.builder.impl.KieBaseUpdatersImpl@7ae0a9ec
10:43:27.604 [main] DEBUG org.kie.api.internal.utils.ServiceDiscoveryImpl - Service org.kie.internal.builder.JaxbConfigurationFactoryService is implemented by org.drools.compiler.builder.impl.JaxbConfigurationFactoryServiceImpl@35841320
10:43:27.604 [main] DEBUG org.kie.api.internal.utils.ServiceDiscoveryImpl - Service org.kie.api.internal.assembler.KieAssemblers is implemented by org.kie.internal.services.KieAssemblersImpl@61c4eee0
10:43:27.606 [main] DEBUG org.kie.api.internal.utils.ServiceDiscoveryImpl - Service org.kie.api.builder.KieScannerFactoryService is implemented by org.kie.scanner.KieScannerFactoryServiceImpl@7fd50002
10:43:27.607 [main] DEBUG org.kie.api.internal.utils.ServiceDiscoveryImpl - Service org.kie.internal.ruleunit.RuleUnitComponentFactory is implemented by org.drools.ruleunit.impl.RuleUnitComponentFactoryImpl@533bda92
10:43:27.607 [main] DEBUG org.kie.api.internal.utils.ServiceDiscoveryImpl - Service org.drools.compiler.kie.builder.impl.InternalKieModuleProvider is implemented by org.drools.modelcompiler.CanonicalKieModuleProvider@304bb45b
10:43:27.607 [main] DEBUG org.kie.api.internal.utils.ServiceDiscoveryImpl - Service org.kie.internal.utils.ClassLoaderResolver is implemented by org.kie.scanner.MavenClassLoaderResolver@723ca036
10:43:27.607 [main] DEBUG org.kie.api.internal.utils.ServiceDiscoveryImpl - Service org.kie.api.internal.runtime.KieRuntimes is implemented by org.kie.internal.services.KieRuntimesImpl@25be7b63
10:43:27.607 [main] DEBUG org.kie.api.internal.utils.ServiceDiscoveryImpl - Service org.kie.api.io.KieResources is implemented by org.drools.core.io.impl.ResourceFactoryServiceImpl@28dcca0c
10:43:27.607 [main] DEBUG org.kie.api.internal.utils.ServiceDiscoveryImpl - Service org.drools.core.base.CoreComponentsBuilder is implemented by org.drools.mvel.MVELCoreComponentsBuilder@45d84a20
10:43:27.607 [main] DEBUG org.kie.api.internal.utils.ServiceDiscoveryImpl - Service org.drools.core.factmodel.ClassBuilderFactory is implemented by org.drools.mvel.asm.DefaultClassBuilderFactory@52f27fbd
10:43:27.607 [main] DEBUG org.kie.api.internal.utils.ServiceDiscoveryImpl - Service org.drools.core.marshalling.impl.ProcessMarshallerFactoryService is implemented by org.jbpm.marshalling.impl.ProcessMarshallerFactoryServiceImpl@4c163e3
10:43:27.607 [main] DEBUG org.kie.api.internal.utils.ServiceDiscoveryImpl - Service org.drools.compiler.compiler.DecisionTableProvider is implemented by org.drools.decisiontable.DecisionTableProviderImpl@4a8355dd
10:43:27.607 [main] DEBUG org.kie.api.internal.utils.ServiceDiscoveryImpl - Service org.drools.core.runtime.process.ProcessRuntimeFactoryService is implemented by org.jbpm.process.instance.ProcessRuntimeFactoryServiceImpl@4d0d9fe7
10:43:27.607 [main] DEBUG org.kie.api.internal.utils.ServiceDiscoveryImpl - Service org.kie.api.concurrent.KieExecutors is implemented by org.drools.core.concurrent.ExecutorProviderImpl@c430e6c
10:43:27.607 [main] DEBUG org.kie.api.internal.utils.ServiceDiscoveryImpl - Service org.kie.api.KieServices is implemented by org.drools.compiler.kie.builder.impl.KieServicesImpl@312aa7c
10:43:27.607 [main] DEBUG org.kie.api.internal.utils.ServiceDiscoveryImpl - Service org.drools.compiler.kie.builder.impl.CompilationCacheProvider is implemented by org.drools.serialization.protobuf.CompilationCacheProviderImpl@536f2a7e
10:43:27.607 [main] DEBUG org.kie.api.internal.utils.ServiceDiscoveryImpl - Service org.kie.api.marshalling.KieMarshallers is implemented by org.drools.serialization.protobuf.MarshallerProviderImpl@72bc6553
10:43:27.607 [main] DEBUG org.kie.api.internal.utils.ServiceDiscoveryImpl - Service org.kie.api.internal.weaver.KieWeavers is implemented by org.kie.internal.services.KieWeaversImpl@66982506
10:43:27.705 [main] ERROR org.drools.compiler.kie.builder.impl.KieContainerImpl - Unknown KieSession name: transaction-rules
10:43:27.707 [main] ERROR org.drools.compiler.kie.builder.impl.KieContainerImpl - Unknown KieSession name: transaction-rules
]]></system-out>
  </testcase>
</testsuite>