<?xml version="1.0" encoding="UTF-8"?>
<testsuite xmlns:xsi="http://www.w3.org/2001/XMLSchema-instance" xsi:noNamespaceSchemaLocation="https://maven.apache.org/surefire/maven-surefire-plugin/xsd/surefire-test-report.xsd" name="CredTests" time="15.627" tests="6" errors="0" skipped="0" failures="0">
  <properties>
    <property name="java.specification.version" value="15"/>
    <property name="sun.cpu.isalist" value="amd64"/>
    <property name="sun.jnu.encoding" value="Cp1252"/>
    <property name="java.class.path" value="D:\kopija jebenog projekta\SBNZ\kjar-example - 2\kjar-example\drools-spring-app\target\test-classes;D:\kopija jebenog projekta\SBNZ\kjar-example - 2\kjar-example\drools-spring-app\target\classes;C:\Users\Mihaela\.m2\repository\org\springframework\boot\spring-boot-starter-web\2.3.5.RELEASE\spring-boot-starter-web-2.3.5.RELEASE.jar;C:\Users\Mihaela\.m2\repository\org\springframework\boot\spring-boot-starter\2.3.5.RELEASE\spring-boot-starter-2.3.5.RELEASE.jar;C:\Users\Mihaela\.m2\repository\org\springframework\boot\spring-boot\2.3.5.RELEASE\spring-boot-2.3.5.RELEASE.jar;C:\Users\Mihaela\.m2\repository\org\springframework\boot\spring-boot-autoconfigure\2.3.5.RELEASE\spring-boot-autoconfigure-2.3.5.RELEASE.jar;C:\Users\Mihaela\.m2\repository\org\springframework\boot\spring-boot-starter-logging\2.3.5.RELEASE\spring-boot-starter-logging-2.3.5.RELEASE.jar;C:\Users\Mihaela\.m2\repository\ch\qos\logback\logback-classic\1.2.3\logback-classic-1.2.3.jar;C:\Users\Mihaela\.m2\repository\ch\qos\logback\logback-core\1.2.3\logback-core-1.2.3.jar;C:\Users\Mihaela\.m2\repository\org\apache\logging\log4j\log4j-to-slf4j\2.13.3\log4j-to-slf4j-2.13.3.jar;C:\Users\Mihaela\.m2\repository\org\apache\logging\log4j\log4j-api\2.13.3\log4j-api-2.13.3.jar;C:\Users\Mihaela\.m2\repository\org\slf4j\jul-to-slf4j\1.7.30\jul-to-slf4j-1.7.30.jar;C:\Users\Mihaela\.m2\repository\jakarta\annotation\jakarta.annotation-api\1.3.5\jakarta.annotation-api-1.3.5.jar;C:\Users\Mihaela\.m2\repository\org\yaml\snakeyaml\1.26\snakeyaml-1.26.jar;C:\Users\Mihaela\.m2\repository\org\springframework\boot\spring-boot-starter-json\2.3.5.RELEASE\spring-boot-starter-json-2.3.5.RELEASE.jar;C:\Users\Mihaela\.m2\repository\com\fasterxml\jackson\core\jackson-databind\2.11.3\jackson-databind-2.11.3.jar;C:\Users\Mihaela\.m2\repository\com\fasterxml\jackson\core\jackson-annotations\2.11.3\jackson-annotations-2.11.3.jar;C:\Users\Mihaela\.m2\repository\com\fasterxml\jackson\core\jackson-core\2.11.3\jackson-core-2.11.3.jar;C:\Users\Mihaela\.m2\repository\com\fasterxml\jackson\datatype\jackson-datatype-jdk8\2.11.3\jackson-datatype-jdk8-2.11.3.jar;C:\Users\Mihaela\.m2\repository\com\fasterxml\jackson\datatype\jackson-datatype-jsr310\2.11.3\jackson-datatype-jsr310-2.11.3.jar;C:\Users\Mihaela\.m2\repository\com\fasterxml\jackson\module\jackson-module-parameter-names\2.11.3\jackson-module-parameter-names-2.11.3.jar;C:\Users\Mihaela\.m2\repository\org\springframework\boot\spring-boot-starter-tomcat\2.3.5.RELEASE\spring-boot-starter-tomcat-2.3.5.RELEASE.jar;C:\Users\Mihaela\.m2\repository\org\apache\tomcat\embed\tomcat-embed-core\9.0.39\tomcat-embed-core-9.0.39.jar;C:\Users\Mihaela\.m2\repository\org\glassfish\jakarta.el\3.0.3\jakarta.el-3.0.3.jar;C:\Users\Mihaela\.m2\repository\org\apache\tomcat\embed\tomcat-embed-websocket\9.0.39\tomcat-embed-websocket-9.0.39.jar;C:\Users\Mihaela\.m2\repository\org\springframework\spring-web\5.2.10.RELEASE\spring-web-5.2.10.RELEASE.jar;C:\Users\Mihaela\.m2\repository\org\springframework\spring-webmvc\5.2.10.RELEASE\spring-webmvc-5.2.10.RELEASE.jar;C:\Users\Mihaela\.m2\repository\org\springframework\spring-aop\5.2.10.RELEASE\spring-aop-5.2.10.RELEASE.jar;C:\Users\Mihaela\.m2\repository\org\springframework\spring-expression\5.2.10.RELEASE\spring-expression-5.2.10.RELEASE.jar;C:\Users\Mihaela\.m2\repository\org\springframework\boot\spring-boot-starter-test\2.3.5.RELEASE\spring-boot-starter-test-2.3.5.RELEASE.jar;C:\Users\Mihaela\.m2\repository\org\springframework\boot\spring-boot-test\2.3.5.RELEASE\spring-boot-test-2.3.5.RELEASE.jar;C:\Users\Mihaela\.m2\repository\org\springframework\boot\spring-boot-test-autoconfigure\2.3.5.RELEASE\spring-boot-test-autoconfigure-2.3.5.RELEASE.jar;C:\Users\Mihaela\.m2\repository\jakarta\xml\bind\jakarta.xml.bind-api\2.3.3\jakarta.xml.bind-api-2.3.3.jar;C:\Users\Mihaela\.m2\repository\jakarta\activation\jakarta.activation-api\1.2.2\jakarta.activation-api-1.2.2.jar;C:\Users\Mihaela\.m2\repository\org\assertj\assertj-core\3.16.1\assertj-core-3.16.1.jar;C:\Users\Mihaela\.m2\repository\org\hamcrest\hamcrest\2.2\hamcrest-2.2.jar;C:\Users\Mihaela\.m2\repository\org\junit\jupiter\junit-jupiter\5.6.3\junit-jupiter-5.6.3.jar;C:\Users\Mihaela\.m2\repository\org\junit\jupiter\junit-jupiter-api\5.6.3\junit-jupiter-api-5.6.3.jar;C:\Users\Mihaela\.m2\repository\org\opentest4j\opentest4j\1.2.0\opentest4j-1.2.0.jar;C:\Users\Mihaela\.m2\repository\org\junit\platform\junit-platform-commons\1.6.3\junit-platform-commons-1.6.3.jar;C:\Users\Mihaela\.m2\repository\org\junit\jupiter\junit-jupiter-params\5.6.3\junit-jupiter-params-5.6.3.jar;C:\Users\Mihaela\.m2\repository\org\junit\jupiter\junit-jupiter-engine\5.6.3\junit-jupiter-engine-5.6.3.jar;C:\Users\Mihaela\.m2\repository\org\junit\vintage\junit-vintage-engine\5.6.3\junit-vintage-engine-5.6.3.jar;C:\Users\Mihaela\.m2\repository\org\apiguardian\apiguardian-api\1.1.0\apiguardian-api-1.1.0.jar;C:\Users\Mihaela\.m2\repository\org\junit\platform\junit-platform-engine\1.6.3\junit-platform-engine-1.6.3.jar;C:\Users\Mihaela\.m2\repository\org\mockito\mockito-core\3.3.3\mockito-core-3.3.3.jar;C:\Users\Mihaela\.m2\repository\net\bytebuddy\byte-buddy\1.10.17\byte-buddy-1.10.17.jar;C:\Users\Mihaela\.m2\repository\net\bytebuddy\byte-buddy-agent\1.10.17\byte-buddy-agent-1.10.17.jar;C:\Users\Mihaela\.m2\repository\org\objenesis\objenesis\2.6\objenesis-2.6.jar;C:\Users\Mihaela\.m2\repository\org\mockito\mockito-junit-jupiter\3.3.3\mockito-junit-jupiter-3.3.3.jar;C:\Users\Mihaela\.m2\repository\org\skyscreamer\jsonassert\1.5.0\jsonassert-1.5.0.jar;C:\Users\Mihaela\.m2\repository\com\vaadin\external\google\android-json\0.0.20131108.vaadin1\android-json-0.0.20131108.vaadin1.jar;C:\Users\Mihaela\.m2\repository\org\springframework\spring-core\5.2.10.RELEASE\spring-core-5.2.10.RELEASE.jar;C:\Users\Mihaela\.m2\repository\org\springframework\spring-jcl\5.2.10.RELEASE\spring-jcl-5.2.10.RELEASE.jar;C:\Users\Mihaela\.m2\repository\org\springframework\spring-test\5.2.10.RELEASE\spring-test-5.2.10.RELEASE.jar;C:\Users\Mihaela\.m2\repository\org\xmlunit\xmlunit-core\2.7.0\xmlunit-core-2.7.0.jar;C:\Users\Mihaela\.m2\repository\com\jayway\jsonpath\json-path\2.4.0\json-path-2.4.0.jar;C:\Users\Mihaela\.m2\repository\net\minidev\json-smart\2.3\json-smart-2.3.jar;C:\Users\Mihaela\.m2\repository\net\minidev\accessors-smart\1.2\accessors-smart-1.2.jar;C:\Users\Mihaela\.m2\repository\org\ow2\asm\asm\5.0.4\asm-5.0.4.jar;C:\Users\Mihaela\.m2\repository\org\slf4j\slf4j-api\1.7.30\slf4j-api-1.7.30.jar;C:\Users\Mihaela\.m2\repository\org\kie\kie-ci\7.73.0.Final\kie-ci-7.73.0.Final.jar;C:\Users\Mihaela\.m2\repository\org\drools\drools-core-reflective\7.73.0.Final\drools-core-reflective-7.73.0.Final.jar;C:\Users\Mihaela\.m2\repository\org\kie\kie-memory-compiler\7.73.0.Final\kie-memory-compiler-7.73.0.Final.jar;C:\Users\Mihaela\.m2\repository\org\drools\drools-core-dynamic\7.73.0.Final\drools-core-dynamic-7.73.0.Final.jar;C:\Users\Mihaela\.m2\repository\org\drools\drools-core\7.73.0.Final\drools-core-7.73.0.Final.jar;C:\Users\Mihaela\.m2\repository\org\kie\soup\kie-soup-xstream\7.73.0.Final\kie-soup-xstream-7.73.0.Final.jar;C:\Users\Mihaela\.m2\repository\commons-codec\commons-codec\1.14\commons-codec-1.14.jar;C:\Users\Mihaela\.m2\repository\org\drools\drools-compiler\7.73.0.Final\drools-compiler-7.73.0.Final.jar;C:\Users\Mihaela\.m2\repository\org\drools\drools-ecj\7.73.0.Final\drools-ecj-7.73.0.Final.jar;C:\Users\Mihaela\.m2\repository\org\antlr\antlr-runtime\3.5.2\antlr-runtime-3.5.2.jar;C:\Users\Mihaela\.m2\repository\org\drools\drools-mvel\7.73.0.Final\drools-mvel-7.73.0.Final.jar;C:\Users\Mihaela\.m2\repository\org\mvel\mvel2\2.4.14.Final\mvel2-2.4.14.Final.jar;C:\Users\Mihaela\.m2\repository\org\kie\soup\kie-soup-project-datamodel-commons\7.73.0.Final\kie-soup-project-datamodel-commons-7.73.0.Final.jar;C:\Users\Mihaela\.m2\repository\org\kie\soup\kie-soup-project-datamodel-api\7.73.0.Final\kie-soup-project-datamodel-api-7.73.0.Final.jar;C:\Users\Mihaela\.m2\repository\org\drools\drools-serialization-protobuf\7.73.0.Final\drools-serialization-protobuf-7.73.0.Final.jar;C:\Users\Mihaela\.m2\repository\com\google\protobuf\protobuf-java\3.19.4\protobuf-java-3.19.4.jar;C:\Users\Mihaela\.m2\repository\org\kie\kie-internal\7.73.0.Final\kie-internal-7.73.0.Final.jar;C:\Users\Mihaela\.m2\repository\org\kie\kie-api\7.73.0.Final\kie-api-7.73.0.Final.jar;C:\Users\Mihaela\.m2\repository\org\kie\soup\kie-soup-maven-support\7.73.0.Final\kie-soup-maven-support-7.73.0.Final.jar;C:\Users\Mihaela\.m2\repository\org\kie\soup\kie-soup-maven-integration\7.73.0.Final\kie-soup-maven-integration-7.73.0.Final.jar;C:\Users\Mihaela\.m2\repository\org\apache\maven\maven-artifact\3.3.9\maven-artifact-3.3.9.jar;C:\Users\Mihaela\.m2\repository\org\apache\maven\maven-plugin-api\3.3.9\maven-plugin-api-3.3.9.jar;C:\Users\Mihaela\.m2\repository\org\eclipse\aether\aether-util\1.1.0\aether-util-1.1.0.jar;C:\Users\Mihaela\.m2\repository\org\eclipse\aether\aether-spi\1.1.0\aether-spi-1.1.0.jar;C:\Users\Mihaela\.m2\repository\org\eclipse\aether\aether-transport-file\1.1.0\aether-transport-file-1.1.0.jar;C:\Users\Mihaela\.m2\repository\org\eclipse\aether\aether-transport-http\1.1.0\aether-transport-http-1.1.0.jar;C:\Users\Mihaela\.m2\repository\jakarta\inject\jakarta.inject-api\1.0.3\jakarta.inject-api-1.0.3.jar;C:\Users\Mihaela\.m2\repository\jakarta\enterprise\jakarta.enterprise.cdi-api\2.0.2\jakarta.enterprise.cdi-api-2.0.2.jar;C:\Users\Mihaela\.m2\repository\jakarta\el\jakarta.el-api\3.0.3\jakarta.el-api-3.0.3.jar;C:\Users\Mihaela\.m2\repository\jakarta\interceptor\jakarta.interceptor-api\1.2.5\jakarta.interceptor-api-1.2.5.jar;C:\Users\Mihaela\.m2\repository\jakarta\ejb\jakarta.ejb-api\3.2.6\jakarta.ejb-api-3.2.6.jar;C:\Users\Mihaela\.m2\repository\jakarta\transaction\jakarta.transaction-api\1.3.3\jakarta.transaction-api-1.3.3.jar;C:\Users\Mihaela\.m2\repository\org\apache\ant\ant\1.10.11\ant-1.10.11.jar;C:\Users\Mihaela\.m2\repository\org\apache\ant\ant-launcher\1.10.11\ant-launcher-1.10.11.jar;C:\Users\Mihaela\.m2\repository\org\apache\httpcomponents\httpcore\4.4.13\httpcore-4.4.13.jar;C:\Users\Mihaela\.m2\repository\com\google\inject\guice\4.0\guice-4.0-no_aop.jar;C:\Users\Mihaela\.m2\repository\aopalliance\aopalliance\1.0\aopalliance-1.0.jar;C:\Users\Mihaela\.m2\repository\org\apache\maven\maven-core\3.3.9\maven-core-3.3.9.jar;C:\Users\Mihaela\.m2\repository\org\apache\maven\maven-repository-metadata\3.3.9\maven-repository-metadata-3.3.9.jar;C:\Users\Mihaela\.m2\repository\org\codehaus\plexus\plexus-interpolation\1.21\plexus-interpolation-1.21.jar;C:\Users\Mihaela\.m2\repository\org\codehaus\plexus\plexus-component-annotations\1.6\plexus-component-annotations-1.6.jar;C:\Users\Mihaela\.m2\repository\org\apache\commons\commons-lang3\3.10\commons-lang3-3.10.jar;C:\Users\Mihaela\.m2\repository\org\apache\maven\maven-model\3.3.9\maven-model-3.3.9.jar;C:\Users\Mihaela\.m2\repository\org\apache\maven\maven-model-builder\3.3.9\maven-model-builder-3.3.9.jar;C:\Users\Mihaela\.m2\repository\org\apache\maven\maven-builder-support\3.3.9\maven-builder-support-3.3.9.jar;C:\Users\Mihaela\.m2\repository\com\google\guava\guava\18.0\guava-18.0.jar;C:\Users\Mihaela\.m2\repository\org\apache\maven\maven-settings\3.3.9\maven-settings-3.3.9.jar;C:\Users\Mihaela\.m2\repository\org\apache\maven\maven-settings-builder\3.3.9\maven-settings-builder-3.3.9.jar;C:\Users\Mihaela\.m2\repository\org\apache\maven\maven-compat\3.3.9\maven-compat-3.3.9.jar;C:\Users\Mihaela\.m2\repository\org\apache\maven\maven-aether-provider\3.3.9\maven-aether-provider-3.3.9.jar;C:\Users\Mihaela\.m2\repository\org\apache\maven\wagon\wagon-provider-api\3.0.0\wagon-provider-api-3.0.0.jar;C:\Users\Mihaela\.m2\repository\org\sonatype\plexus\plexus-sec-dispatcher\1.3\plexus-sec-dispatcher-1.3.jar;C:\Users\Mihaela\.m2\repository\org\codehaus\plexus\plexus-classworlds\2.5.2\plexus-classworlds-2.5.2.jar;C:\Users\Mihaela\.m2\repository\org\codehaus\plexus\plexus-utils\3.0.22\plexus-utils-3.0.22.jar;C:\Users\Mihaela\.m2\repository\org\eclipse\aether\aether-api\1.1.0\aether-api-1.1.0.jar;C:\Users\Mihaela\.m2\repository\org\eclipse\aether\aether-impl\1.1.0\aether-impl-1.1.0.jar;C:\Users\Mihaela\.m2\repository\org\eclipse\aether\aether-connector-basic\1.1.0\aether-connector-basic-1.1.0.jar;C:\Users\Mihaela\.m2\repository\org\eclipse\aether\aether-transport-wagon\1.1.0\aether-transport-wagon-1.1.0.jar;C:\Users\Mihaela\.m2\repository\org\eclipse\sisu\org.eclipse.sisu.plexus\0.3.2\org.eclipse.sisu.plexus-0.3.2.jar;C:\Users\Mihaela\.m2\repository\javax\enterprise\cdi-api\1.0\cdi-api-1.0.jar;C:\Users\Mihaela\.m2\repository\javax\annotation\jsr250-api\1.0\jsr250-api-1.0.jar;C:\Users\Mihaela\.m2\repository\javax\inject\javax.inject\1\javax.inject-1.jar;C:\Users\Mihaela\.m2\repository\org\eclipse\sisu\org.eclipse.sisu.inject\0.3.2\org.eclipse.sisu.inject-0.3.2.jar;C:\Users\Mihaela\.m2\repository\org\apache\maven\wagon\wagon-http\3.0.0\wagon-http-3.0.0.jar;C:\Users\Mihaela\.m2\repository\org\apache\maven\wagon\wagon-http-shared\3.0.0\wagon-http-shared-3.0.0.jar;C:\Users\Mihaela\.m2\repository\org\jsoup\jsoup\1.7.2\jsoup-1.7.2.jar;C:\Users\Mihaela\.m2\repository\org\apache\httpcomponents\httpclient\4.5.13\httpclient-4.5.13.jar;C:\Users\Mihaela\.m2\repository\commons-io\commons-io\2.7\commons-io-2.7.jar;C:\Users\Mihaela\.m2\repository\org\slf4j\jcl-over-slf4j\1.7.30\jcl-over-slf4j-1.7.30.jar;C:\Users\Mihaela\.m2\repository\org\sonatype\plexus\plexus-cipher\1.7\plexus-cipher-1.7.jar;C:\Users\Mihaela\.m2\repository\org\kie\kie-spring\7.73.0.Final\kie-spring-7.73.0.Final.jar;C:\Users\Mihaela\.m2\repository\org\jbpm\jbpm-flow\7.73.0.Final\jbpm-flow-7.73.0.Final.jar;C:\Users\Mihaela\.m2\repository\org\kie\soup\kie-soup-commons\7.73.0.Final\kie-soup-commons-7.73.0.Final.jar;C:\Users\Mihaela\.m2\repository\org\kie\kie-dmn-api\7.73.0.Final\kie-dmn-api-7.73.0.Final.jar;C:\Users\Mihaela\.m2\repository\org\kie\kie-dmn-feel\7.73.0.Final\kie-dmn-feel-7.73.0.Final.jar;C:\Users\Mihaela\.m2\repository\org\kie\kie-dmn-model\7.73.0.Final\kie-dmn-model-7.73.0.Final.jar;C:\Users\Mihaela\.m2\repository\org\antlr\antlr4-runtime\4.9.2\antlr4-runtime-4.9.2.jar;C:\Users\Mihaela\.m2\repository\com\github\javaparser\javaparser-core\3.23.1\javaparser-core-3.23.1.jar;C:\Users\Mihaela\.m2\repository\ch\obermuhlner\big-math\2.0.1\big-math-2.0.1.jar;C:\Users\Mihaela\.m2\repository\org\kie\kie-dmn-core\7.73.0.Final\kie-dmn-core-7.73.0.Final.jar;C:\Users\Mihaela\.m2\repository\org\kie\kie-dmn-backend\7.73.0.Final\kie-dmn-backend-7.73.0.Final.jar;C:\Users\Mihaela\.m2\repository\org\drools\drools-ruleunit\7.73.0.Final\drools-ruleunit-7.73.0.Final.jar;C:\Users\Mihaela\.m2\repository\org\drools\drools-canonical-model\7.73.0.Final\drools-canonical-model-7.73.0.Final.jar;C:\Users\Mihaela\.m2\repository\org\drools\drools-model-compiler\7.73.0.Final\drools-model-compiler-7.73.0.Final.jar;C:\Users\Mihaela\.m2\repository\org\drools\drools-mvel-compiler\7.73.0.Final\drools-mvel-compiler-7.73.0.Final.jar;C:\Users\Mihaela\.m2\repository\org\drools\drools-mvel-parser\7.73.0.Final\drools-mvel-parser-7.73.0.Final.jar;C:\Users\Mihaela\.m2\repository\org\drools\drools-alphanetwork-compiler\7.73.0.Final\drools-alphanetwork-compiler-7.73.0.Final.jar;C:\Users\Mihaela\.m2\repository\org\jpmml\pmml-model\1.5.1\pmml-model-1.5.1.jar;C:\Users\Mihaela\.m2\repository\org\jpmml\pmml-agent\1.5.1\pmml-agent-1.5.1.jar;C:\Users\Mihaela\.m2\repository\org\springframework\spring-tx\5.2.10.RELEASE\spring-tx-5.2.10.RELEASE.jar;C:\Users\Mihaela\.m2\repository\org\drools\drools-decisiontables\7.73.0.Final\drools-decisiontables-7.73.0.Final.jar;C:\Users\Mihaela\.m2\repository\org\drools\drools-templates\7.73.0.Final\drools-templates-7.73.0.Final.jar;C:\Users\Mihaela\.m2\repository\org\apache\poi\poi-ooxml\4.1.2\poi-ooxml-4.1.2.jar;C:\Users\Mihaela\.m2\repository\org\apache\poi\poi-ooxml-schemas\4.1.2\poi-ooxml-schemas-4.1.2.jar;C:\Users\Mihaela\.m2\repository\org\apache\xmlbeans\xmlbeans\3.1.0\xmlbeans-3.1.0.jar;C:\Users\Mihaela\.m2\repository\org\apache\commons\commons-compress\1.19\commons-compress-1.19.jar;C:\Users\Mihaela\.m2\repository\com\github\virtuald\curvesapi\1.06\curvesapi-1.06.jar;C:\Users\Mihaela\.m2\repository\org\apache\poi\poi\4.1.2\poi-4.1.2.jar;C:\Users\Mihaela\.m2\repository\org\apache\commons\commons-collections4\4.4\commons-collections4-4.4.jar;C:\Users\Mihaela\.m2\repository\org\apache\commons\commons-math3\3.6.1\commons-math3-3.6.1.jar;C:\Users\Mihaela\.m2\repository\com\zaxxer\SparseBitSet\1.2\SparseBitSet-1.2.jar;C:\Users\Mihaela\.m2\repository\org\springframework\spring-beans\5.2.10.RELEASE\spring-beans-5.2.10.RELEASE.jar;C:\Users\Mihaela\.m2\repository\org\springframework\spring-context\5.2.10.RELEASE\spring-context-5.2.10.RELEASE.jar;C:\Users\Mihaela\.m2\repository\com\thoughtworks\xstream\xstream\1.4.19\xstream-1.4.19.jar;C:\Users\Mihaela\.m2\repository\io\github\x-stream\mxparser\1.2.2\mxparser-1.2.2.jar;C:\Users\Mihaela\.m2\repository\xmlpull\xmlpull\1.1.3.1\xmlpull-1.1.3.1.jar;C:\Users\Mihaela\.m2\repository\junit\junit\4.13.1\junit-4.13.1.jar;C:\Users\Mihaela\.m2\repository\org\hamcrest\hamcrest-core\2.2\hamcrest-core-2.2.jar;C:\Users\Mihaela\.m2\repository\org\hamcrest\hamcrest-library\2.2\hamcrest-library-2.2.jar;C:\Users\Mihaela\.m2\repository\demo\facts2\1.0-SNAPSHOT\facts2-1.0-SNAPSHOT.jar;C:\Users\Mihaela\.m2\repository\org\projectlombok\lombok\1.18.26\lombok-1.18.26.jar;"/>
    <property name="java.vm.vendor" value="Oracle Corporation"/>
    <property name="sun.arch.data.model" value="64"/>
    <property name="user.variant" value=""/>
    <property name="java.vendor.url" value="https://java.oracle.com/"/>
    <property name="user.timezone" value="Europe/Belgrade"/>
    <property name="os.name" value="Windows 10"/>
    <property name="java.vm.specification.version" value="15"/>
    <property name="sun.java.launcher" value="SUN_STANDARD"/>
    <property name="user.country" value="US"/>
    <property name="sun.boot.library.path" value="C:\Program Files\Java\jdk-15.0.2\bin"/>
    <property name="sun.java.command" value="C:\Users\Mihaela\AppData\Local\Temp\surefire9114580628025776896\surefirebooter1037921549919960754.jar C:\Users\Mihaela\AppData\Local\Temp\surefire9114580628025776896 2023-06-28T23-30-23_136-jvmRun1 surefire14332924190686046227tmp surefire_012841418624459259298tmp"/>
    <property name="jdk.debug" value="release"/>
    <property name="surefire.test.class.path" value="D:\kopija jebenog projekta\SBNZ\kjar-example - 2\kjar-example\drools-spring-app\target\test-classes;D:\kopija jebenog projekta\SBNZ\kjar-example - 2\kjar-example\drools-spring-app\target\classes;C:\Users\Mihaela\.m2\repository\org\springframework\boot\spring-boot-starter-web\2.3.5.RELEASE\spring-boot-starter-web-2.3.5.RELEASE.jar;C:\Users\Mihaela\.m2\repository\org\springframework\boot\spring-boot-starter\2.3.5.RELEASE\spring-boot-starter-2.3.5.RELEASE.jar;C:\Users\Mihaela\.m2\repository\org\springframework\boot\spring-boot\2.3.5.RELEASE\spring-boot-2.3.5.RELEASE.jar;C:\Users\Mihaela\.m2\repository\org\springframework\boot\spring-boot-autoconfigure\2.3.5.RELEASE\spring-boot-autoconfigure-2.3.5.RELEASE.jar;C:\Users\Mihaela\.m2\repository\org\springframework\boot\spring-boot-starter-logging\2.3.5.RELEASE\spring-boot-starter-logging-2.3.5.RELEASE.jar;C:\Users\Mihaela\.m2\repository\ch\qos\logback\logback-classic\1.2.3\logback-classic-1.2.3.jar;C:\Users\Mihaela\.m2\repository\ch\qos\logback\logback-core\1.2.3\logback-core-1.2.3.jar;C:\Users\Mihaela\.m2\repository\org\apache\logging\log4j\log4j-to-slf4j\2.13.3\log4j-to-slf4j-2.13.3.jar;C:\Users\Mihaela\.m2\repository\org\apache\logging\log4j\log4j-api\2.13.3\log4j-api-2.13.3.jar;C:\Users\Mihaela\.m2\repository\org\slf4j\jul-to-slf4j\1.7.30\jul-to-slf4j-1.7.30.jar;C:\Users\Mihaela\.m2\repository\jakarta\annotation\jakarta.annotation-api\1.3.5\jakarta.annotation-api-1.3.5.jar;C:\Users\Mihaela\.m2\repository\org\yaml\snakeyaml\1.26\snakeyaml-1.26.jar;C:\Users\Mihaela\.m2\repository\org\springframework\boot\spring-boot-starter-json\2.3.5.RELEASE\spring-boot-starter-json-2.3.5.RELEASE.jar;C:\Users\Mihaela\.m2\repository\com\fasterxml\jackson\core\jackson-databind\2.11.3\jackson-databind-2.11.3.jar;C:\Users\Mihaela\.m2\repository\com\fasterxml\jackson\core\jackson-annotations\2.11.3\jackson-annotations-2.11.3.jar;C:\Users\Mihaela\.m2\repository\com\fasterxml\jackson\core\jackson-core\2.11.3\jackson-core-2.11.3.jar;C:\Users\Mihaela\.m2\repository\com\fasterxml\jackson\datatype\jackson-datatype-jdk8\2.11.3\jackson-datatype-jdk8-2.11.3.jar;C:\Users\Mihaela\.m2\repository\com\fasterxml\jackson\datatype\jackson-datatype-jsr310\2.11.3\jackson-datatype-jsr310-2.11.3.jar;C:\Users\Mihaela\.m2\repository\com\fasterxml\jackson\module\jackson-module-parameter-names\2.11.3\jackson-module-parameter-names-2.11.3.jar;C:\Users\Mihaela\.m2\repository\org\springframework\boot\spring-boot-starter-tomcat\2.3.5.RELEASE\spring-boot-starter-tomcat-2.3.5.RELEASE.jar;C:\Users\Mihaela\.m2\repository\org\apache\tomcat\embed\tomcat-embed-core\9.0.39\tomcat-embed-core-9.0.39.jar;C:\Users\Mihaela\.m2\repository\org\glassfish\jakarta.el\3.0.3\jakarta.el-3.0.3.jar;C:\Users\Mihaela\.m2\repository\org\apache\tomcat\embed\tomcat-embed-websocket\9.0.39\tomcat-embed-websocket-9.0.39.jar;C:\Users\Mihaela\.m2\repository\org\springframework\spring-web\5.2.10.RELEASE\spring-web-5.2.10.RELEASE.jar;C:\Users\Mihaela\.m2\repository\org\springframework\spring-webmvc\5.2.10.RELEASE\spring-webmvc-5.2.10.RELEASE.jar;C:\Users\Mihaela\.m2\repository\org\springframework\spring-aop\5.2.10.RELEASE\spring-aop-5.2.10.RELEASE.jar;C:\Users\Mihaela\.m2\repository\org\springframework\spring-expression\5.2.10.RELEASE\spring-expression-5.2.10.RELEASE.jar;C:\Users\Mihaela\.m2\repository\org\springframework\boot\spring-boot-starter-test\2.3.5.RELEASE\spring-boot-starter-test-2.3.5.RELEASE.jar;C:\Users\Mihaela\.m2\repository\org\springframework\boot\spring-boot-test\2.3.5.RELEASE\spring-boot-test-2.3.5.RELEASE.jar;C:\Users\Mihaela\.m2\repository\org\springframework\boot\spring-boot-test-autoconfigure\2.3.5.RELEASE\spring-boot-test-autoconfigure-2.3.5.RELEASE.jar;C:\Users\Mihaela\.m2\repository\jakarta\xml\bind\jakarta.xml.bind-api\2.3.3\jakarta.xml.bind-api-2.3.3.jar;C:\Users\Mihaela\.m2\repository\jakarta\activation\jakarta.activation-api\1.2.2\jakarta.activation-api-1.2.2.jar;C:\Users\Mihaela\.m2\repository\org\assertj\assertj-core\3.16.1\assertj-core-3.16.1.jar;C:\Users\Mihaela\.m2\repository\org\hamcrest\hamcrest\2.2\hamcrest-2.2.jar;C:\Users\Mihaela\.m2\repository\org\junit\jupiter\junit-jupiter\5.6.3\junit-jupiter-5.6.3.jar;C:\Users\Mihaela\.m2\repository\org\junit\jupiter\junit-jupiter-api\5.6.3\junit-jupiter-api-5.6.3.jar;C:\Users\Mihaela\.m2\repository\org\opentest4j\opentest4j\1.2.0\opentest4j-1.2.0.jar;C:\Users\Mihaela\.m2\repository\org\junit\platform\junit-platform-commons\1.6.3\junit-platform-commons-1.6.3.jar;C:\Users\Mihaela\.m2\repository\org\junit\jupiter\junit-jupiter-params\5.6.3\junit-jupiter-params-5.6.3.jar;C:\Users\Mihaela\.m2\repository\org\junit\jupiter\junit-jupiter-engine\5.6.3\junit-jupiter-engine-5.6.3.jar;C:\Users\Mihaela\.m2\repository\org\junit\vintage\junit-vintage-engine\5.6.3\junit-vintage-engine-5.6.3.jar;C:\Users\Mihaela\.m2\repository\org\apiguardian\apiguardian-api\1.1.0\apiguardian-api-1.1.0.jar;C:\Users\Mihaela\.m2\repository\org\junit\platform\junit-platform-engine\1.6.3\junit-platform-engine-1.6.3.jar;C:\Users\Mihaela\.m2\repository\org\mockito\mockito-core\3.3.3\mockito-core-3.3.3.jar;C:\Users\Mihaela\.m2\repository\net\bytebuddy\byte-buddy\1.10.17\byte-buddy-1.10.17.jar;C:\Users\Mihaela\.m2\repository\net\bytebuddy\byte-buddy-agent\1.10.17\byte-buddy-agent-1.10.17.jar;C:\Users\Mihaela\.m2\repository\org\objenesis\objenesis\2.6\objenesis-2.6.jar;C:\Users\Mihaela\.m2\repository\org\mockito\mockito-junit-jupiter\3.3.3\mockito-junit-jupiter-3.3.3.jar;C:\Users\Mihaela\.m2\repository\org\skyscreamer\jsonassert\1.5.0\jsonassert-1.5.0.jar;C:\Users\Mihaela\.m2\repository\com\vaadin\external\google\android-json\0.0.20131108.vaadin1\android-json-0.0.20131108.vaadin1.jar;C:\Users\Mihaela\.m2\repository\org\springframework\spring-core\5.2.10.RELEASE\spring-core-5.2.10.RELEASE.jar;C:\Users\Mihaela\.m2\repository\org\springframework\spring-jcl\5.2.10.RELEASE\spring-jcl-5.2.10.RELEASE.jar;C:\Users\Mihaela\.m2\repository\org\springframework\spring-test\5.2.10.RELEASE\spring-test-5.2.10.RELEASE.jar;C:\Users\Mihaela\.m2\repository\org\xmlunit\xmlunit-core\2.7.0\xmlunit-core-2.7.0.jar;C:\Users\Mihaela\.m2\repository\com\jayway\jsonpath\json-path\2.4.0\json-path-2.4.0.jar;C:\Users\Mihaela\.m2\repository\net\minidev\json-smart\2.3\json-smart-2.3.jar;C:\Users\Mihaela\.m2\repository\net\minidev\accessors-smart\1.2\accessors-smart-1.2.jar;C:\Users\Mihaela\.m2\repository\org\ow2\asm\asm\5.0.4\asm-5.0.4.jar;C:\Users\Mihaela\.m2\repository\org\slf4j\slf4j-api\1.7.30\slf4j-api-1.7.30.jar;C:\Users\Mihaela\.m2\repository\org\kie\kie-ci\7.73.0.Final\kie-ci-7.73.0.Final.jar;C:\Users\Mihaela\.m2\repository\org\drools\drools-core-reflective\7.73.0.Final\drools-core-reflective-7.73.0.Final.jar;C:\Users\Mihaela\.m2\repository\org\kie\kie-memory-compiler\7.73.0.Final\kie-memory-compiler-7.73.0.Final.jar;C:\Users\Mihaela\.m2\repository\org\drools\drools-core-dynamic\7.73.0.Final\drools-core-dynamic-7.73.0.Final.jar;C:\Users\Mihaela\.m2\repository\org\drools\drools-core\7.73.0.Final\drools-core-7.73.0.Final.jar;C:\Users\Mihaela\.m2\repository\org\kie\soup\kie-soup-xstream\7.73.0.Final\kie-soup-xstream-7.73.0.Final.jar;C:\Users\Mihaela\.m2\repository\commons-codec\commons-codec\1.14\commons-codec-1.14.jar;C:\Users\Mihaela\.m2\repository\org\drools\drools-compiler\7.73.0.Final\drools-compiler-7.73.0.Final.jar;C:\Users\Mihaela\.m2\repository\org\drools\drools-ecj\7.73.0.Final\drools-ecj-7.73.0.Final.jar;C:\Users\Mihaela\.m2\repository\org\antlr\antlr-runtime\3.5.2\antlr-runtime-3.5.2.jar;C:\Users\Mihaela\.m2\repository\org\drools\drools-mvel\7.73.0.Final\drools-mvel-7.73.0.Final.jar;C:\Users\Mihaela\.m2\repository\org\mvel\mvel2\2.4.14.Final\mvel2-2.4.14.Final.jar;C:\Users\Mihaela\.m2\repository\org\kie\soup\kie-soup-project-datamodel-commons\7.73.0.Final\kie-soup-project-datamodel-commons-7.73.0.Final.jar;C:\Users\Mihaela\.m2\repository\org\kie\soup\kie-soup-project-datamodel-api\7.73.0.Final\kie-soup-project-datamodel-api-7.73.0.Final.jar;C:\Users\Mihaela\.m2\repository\org\drools\drools-serialization-protobuf\7.73.0.Final\drools-serialization-protobuf-7.73.0.Final.jar;C:\Users\Mihaela\.m2\repository\com\google\protobuf\protobuf-java\3.19.4\protobuf-java-3.19.4.jar;C:\Users\Mihaela\.m2\repository\org\kie\kie-internal\7.73.0.Final\kie-internal-7.73.0.Final.jar;C:\Users\Mihaela\.m2\repository\org\kie\kie-api\7.73.0.Final\kie-api-7.73.0.Final.jar;C:\Users\Mihaela\.m2\repository\org\kie\soup\kie-soup-maven-support\7.73.0.Final\kie-soup-maven-support-7.73.0.Final.jar;C:\Users\Mihaela\.m2\repository\org\kie\soup\kie-soup-maven-integration\7.73.0.Final\kie-soup-maven-integration-7.73.0.Final.jar;C:\Users\Mihaela\.m2\repository\org\apache\maven\maven-artifact\3.3.9\maven-artifact-3.3.9.jar;C:\Users\Mihaela\.m2\repository\org\apache\maven\maven-plugin-api\3.3.9\maven-plugin-api-3.3.9.jar;C:\Users\Mihaela\.m2\repository\org\eclipse\aether\aether-util\1.1.0\aether-util-1.1.0.jar;C:\Users\Mihaela\.m2\repository\org\eclipse\aether\aether-spi\1.1.0\aether-spi-1.1.0.jar;C:\Users\Mihaela\.m2\repository\org\eclipse\aether\aether-transport-file\1.1.0\aether-transport-file-1.1.0.jar;C:\Users\Mihaela\.m2\repository\org\eclipse\aether\aether-transport-http\1.1.0\aether-transport-http-1.1.0.jar;C:\Users\Mihaela\.m2\repository\jakarta\inject\jakarta.inject-api\1.0.3\jakarta.inject-api-1.0.3.jar;C:\Users\Mihaela\.m2\repository\jakarta\enterprise\jakarta.enterprise.cdi-api\2.0.2\jakarta.enterprise.cdi-api-2.0.2.jar;C:\Users\Mihaela\.m2\repository\jakarta\el\jakarta.el-api\3.0.3\jakarta.el-api-3.0.3.jar;C:\Users\Mihaela\.m2\repository\jakarta\interceptor\jakarta.interceptor-api\1.2.5\jakarta.interceptor-api-1.2.5.jar;C:\Users\Mihaela\.m2\repository\jakarta\ejb\jakarta.ejb-api\3.2.6\jakarta.ejb-api-3.2.6.jar;C:\Users\Mihaela\.m2\repository\jakarta\transaction\jakarta.transaction-api\1.3.3\jakarta.transaction-api-1.3.3.jar;C:\Users\Mihaela\.m2\repository\org\apache\ant\ant\1.10.11\ant-1.10.11.jar;C:\Users\Mihaela\.m2\repository\org\apache\ant\ant-launcher\1.10.11\ant-launcher-1.10.11.jar;C:\Users\Mihaela\.m2\repository\org\apache\httpcomponents\httpcore\4.4.13\httpcore-4.4.13.jar;C:\Users\Mihaela\.m2\repository\com\google\inject\guice\4.0\guice-4.0-no_aop.jar;C:\Users\Mihaela\.m2\repository\aopalliance\aopalliance\1.0\aopalliance-1.0.jar;C:\Users\Mihaela\.m2\repository\org\apache\maven\maven-core\3.3.9\maven-core-3.3.9.jar;C:\Users\Mihaela\.m2\repository\org\apache\maven\maven-repository-metadata\3.3.9\maven-repository-metadata-3.3.9.jar;C:\Users\Mihaela\.m2\repository\org\codehaus\plexus\plexus-interpolation\1.21\plexus-interpolation-1.21.jar;C:\Users\Mihaela\.m2\repository\org\codehaus\plexus\plexus-component-annotations\1.6\plexus-component-annotations-1.6.jar;C:\Users\Mihaela\.m2\repository\org\apache\commons\commons-lang3\3.10\commons-lang3-3.10.jar;C:\Users\Mihaela\.m2\repository\org\apache\maven\maven-model\3.3.9\maven-model-3.3.9.jar;C:\Users\Mihaela\.m2\repository\org\apache\maven\maven-model-builder\3.3.9\maven-model-builder-3.3.9.jar;C:\Users\Mihaela\.m2\repository\org\apache\maven\maven-builder-support\3.3.9\maven-builder-support-3.3.9.jar;C:\Users\Mihaela\.m2\repository\com\google\guava\guava\18.0\guava-18.0.jar;C:\Users\Mihaela\.m2\repository\org\apache\maven\maven-settings\3.3.9\maven-settings-3.3.9.jar;C:\Users\Mihaela\.m2\repository\org\apache\maven\maven-settings-builder\3.3.9\maven-settings-builder-3.3.9.jar;C:\Users\Mihaela\.m2\repository\org\apache\maven\maven-compat\3.3.9\maven-compat-3.3.9.jar;C:\Users\Mihaela\.m2\repository\org\apache\maven\maven-aether-provider\3.3.9\maven-aether-provider-3.3.9.jar;C:\Users\Mihaela\.m2\repository\org\apache\maven\wagon\wagon-provider-api\3.0.0\wagon-provider-api-3.0.0.jar;C:\Users\Mihaela\.m2\repository\org\sonatype\plexus\plexus-sec-dispatcher\1.3\plexus-sec-dispatcher-1.3.jar;C:\Users\Mihaela\.m2\repository\org\codehaus\plexus\plexus-classworlds\2.5.2\plexus-classworlds-2.5.2.jar;C:\Users\Mihaela\.m2\repository\org\codehaus\plexus\plexus-utils\3.0.22\plexus-utils-3.0.22.jar;C:\Users\Mihaela\.m2\repository\org\eclipse\aether\aether-api\1.1.0\aether-api-1.1.0.jar;C:\Users\Mihaela\.m2\repository\org\eclipse\aether\aether-impl\1.1.0\aether-impl-1.1.0.jar;C:\Users\Mihaela\.m2\repository\org\eclipse\aether\aether-connector-basic\1.1.0\aether-connector-basic-1.1.0.jar;C:\Users\Mihaela\.m2\repository\org\eclipse\aether\aether-transport-wagon\1.1.0\aether-transport-wagon-1.1.0.jar;C:\Users\Mihaela\.m2\repository\org\eclipse\sisu\org.eclipse.sisu.plexus\0.3.2\org.eclipse.sisu.plexus-0.3.2.jar;C:\Users\Mihaela\.m2\repository\javax\enterprise\cdi-api\1.0\cdi-api-1.0.jar;C:\Users\Mihaela\.m2\repository\javax\annotation\jsr250-api\1.0\jsr250-api-1.0.jar;C:\Users\Mihaela\.m2\repository\javax\inject\javax.inject\1\javax.inject-1.jar;C:\Users\Mihaela\.m2\repository\org\eclipse\sisu\org.eclipse.sisu.inject\0.3.2\org.eclipse.sisu.inject-0.3.2.jar;C:\Users\Mihaela\.m2\repository\org\apache\maven\wagon\wagon-http\3.0.0\wagon-http-3.0.0.jar;C:\Users\Mihaela\.m2\repository\org\apache\maven\wagon\wagon-http-shared\3.0.0\wagon-http-shared-3.0.0.jar;C:\Users\Mihaela\.m2\repository\org\jsoup\jsoup\1.7.2\jsoup-1.7.2.jar;C:\Users\Mihaela\.m2\repository\org\apache\httpcomponents\httpclient\4.5.13\httpclient-4.5.13.jar;C:\Users\Mihaela\.m2\repository\commons-io\commons-io\2.7\commons-io-2.7.jar;C:\Users\Mihaela\.m2\repository\org\slf4j\jcl-over-slf4j\1.7.30\jcl-over-slf4j-1.7.30.jar;C:\Users\Mihaela\.m2\repository\org\sonatype\plexus\plexus-cipher\1.7\plexus-cipher-1.7.jar;C:\Users\Mihaela\.m2\repository\org\kie\kie-spring\7.73.0.Final\kie-spring-7.73.0.Final.jar;C:\Users\Mihaela\.m2\repository\org\jbpm\jbpm-flow\7.73.0.Final\jbpm-flow-7.73.0.Final.jar;C:\Users\Mihaela\.m2\repository\org\kie\soup\kie-soup-commons\7.73.0.Final\kie-soup-commons-7.73.0.Final.jar;C:\Users\Mihaela\.m2\repository\org\kie\kie-dmn-api\7.73.0.Final\kie-dmn-api-7.73.0.Final.jar;C:\Users\Mihaela\.m2\repository\org\kie\kie-dmn-feel\7.73.0.Final\kie-dmn-feel-7.73.0.Final.jar;C:\Users\Mihaela\.m2\repository\org\kie\kie-dmn-model\7.73.0.Final\kie-dmn-model-7.73.0.Final.jar;C:\Users\Mihaela\.m2\repository\org\antlr\antlr4-runtime\4.9.2\antlr4-runtime-4.9.2.jar;C:\Users\Mihaela\.m2\repository\com\github\javaparser\javaparser-core\3.23.1\javaparser-core-3.23.1.jar;C:\Users\Mihaela\.m2\repository\ch\obermuhlner\big-math\2.0.1\big-math-2.0.1.jar;C:\Users\Mihaela\.m2\repository\org\kie\kie-dmn-core\7.73.0.Final\kie-dmn-core-7.73.0.Final.jar;C:\Users\Mihaela\.m2\repository\org\kie\kie-dmn-backend\7.73.0.Final\kie-dmn-backend-7.73.0.Final.jar;C:\Users\Mihaela\.m2\repository\org\drools\drools-ruleunit\7.73.0.Final\drools-ruleunit-7.73.0.Final.jar;C:\Users\Mihaela\.m2\repository\org\drools\drools-canonical-model\7.73.0.Final\drools-canonical-model-7.73.0.Final.jar;C:\Users\Mihaela\.m2\repository\org\drools\drools-model-compiler\7.73.0.Final\drools-model-compiler-7.73.0.Final.jar;C:\Users\Mihaela\.m2\repository\org\drools\drools-mvel-compiler\7.73.0.Final\drools-mvel-compiler-7.73.0.Final.jar;C:\Users\Mihaela\.m2\repository\org\drools\drools-mvel-parser\7.73.0.Final\drools-mvel-parser-7.73.0.Final.jar;C:\Users\Mihaela\.m2\repository\org\drools\drools-alphanetwork-compiler\7.73.0.Final\drools-alphanetwork-compiler-7.73.0.Final.jar;C:\Users\Mihaela\.m2\repository\org\jpmml\pmml-model\1.5.1\pmml-model-1.5.1.jar;C:\Users\Mihaela\.m2\repository\org\jpmml\pmml-agent\1.5.1\pmml-agent-1.5.1.jar;C:\Users\Mihaela\.m2\repository\org\springframework\spring-tx\5.2.10.RELEASE\spring-tx-5.2.10.RELEASE.jar;C:\Users\Mihaela\.m2\repository\org\drools\drools-decisiontables\7.73.0.Final\drools-decisiontables-7.73.0.Final.jar;C:\Users\Mihaela\.m2\repository\org\drools\drools-templates\7.73.0.Final\drools-templates-7.73.0.Final.jar;C:\Users\Mihaela\.m2\repository\org\apache\poi\poi-ooxml\4.1.2\poi-ooxml-4.1.2.jar;C:\Users\Mihaela\.m2\repository\org\apache\poi\poi-ooxml-schemas\4.1.2\poi-ooxml-schemas-4.1.2.jar;C:\Users\Mihaela\.m2\repository\org\apache\xmlbeans\xmlbeans\3.1.0\xmlbeans-3.1.0.jar;C:\Users\Mihaela\.m2\repository\org\apache\commons\commons-compress\1.19\commons-compress-1.19.jar;C:\Users\Mihaela\.m2\repository\com\github\virtuald\curvesapi\1.06\curvesapi-1.06.jar;C:\Users\Mihaela\.m2\repository\org\apache\poi\poi\4.1.2\poi-4.1.2.jar;C:\Users\Mihaela\.m2\repository\org\apache\commons\commons-collections4\4.4\commons-collections4-4.4.jar;C:\Users\Mihaela\.m2\repository\org\apache\commons\commons-math3\3.6.1\commons-math3-3.6.1.jar;C:\Users\Mihaela\.m2\repository\com\zaxxer\SparseBitSet\1.2\SparseBitSet-1.2.jar;C:\Users\Mihaela\.m2\repository\org\springframework\spring-beans\5.2.10.RELEASE\spring-beans-5.2.10.RELEASE.jar;C:\Users\Mihaela\.m2\repository\org\springframework\spring-context\5.2.10.RELEASE\spring-context-5.2.10.RELEASE.jar;C:\Users\Mihaela\.m2\repository\com\thoughtworks\xstream\xstream\1.4.19\xstream-1.4.19.jar;C:\Users\Mihaela\.m2\repository\io\github\x-stream\mxparser\1.2.2\mxparser-1.2.2.jar;C:\Users\Mihaela\.m2\repository\xmlpull\xmlpull\1.1.3.1\xmlpull-1.1.3.1.jar;C:\Users\Mihaela\.m2\repository\junit\junit\4.13.1\junit-4.13.1.jar;C:\Users\Mihaela\.m2\repository\org\hamcrest\hamcrest-core\2.2\hamcrest-core-2.2.jar;C:\Users\Mihaela\.m2\repository\org\hamcrest\hamcrest-library\2.2\hamcrest-library-2.2.jar;C:\Users\Mihaela\.m2\repository\demo\facts2\1.0-SNAPSHOT\facts2-1.0-SNAPSHOT.jar;C:\Users\Mihaela\.m2\repository\org\projectlombok\lombok\1.18.26\lombok-1.18.26.jar;"/>
    <property name="sun.cpu.endian" value="little"/>
    <property name="user.home" value="C:\Users\Mihaela"/>
    <property name="user.language" value="en"/>
    <property name="java.specification.vendor" value="Oracle Corporation"/>
    <property name="java.version.date" value="2021-01-19"/>
    <property name="java.home" value="C:\Program Files\Java\jdk-15.0.2"/>
    <property name="file.separator" value="\"/>
    <property name="basedir" value="D:\kopija jebenog projekta\SBNZ\kjar-example - 2\kjar-example\drools-spring-app"/>
    <property name="java.vm.compressedOopsMode" value="Zero based"/>
    <property name="line.separator" value="&#10;"/>
    <property name="java.vm.specification.vendor" value="Oracle Corporation"/>
    <property name="java.specification.name" value="Java Platform API Specification"/>
    <property name="surefire.real.class.path" value="C:\Users\Mihaela\AppData\Local\Temp\surefire9114580628025776896\surefirebooter1037921549919960754.jar"/>
    <property name="user.script" value=""/>
    <property name="sun.management.compiler" value="HotSpot 64-Bit Tiered Compilers"/>
    <property name="java.runtime.version" value="15.0.2+7-27"/>
    <property name="user.name" value="Mihaela"/>
    <property name="path.separator" value=";"/>
    <property name="os.version" value="10.0"/>
    <property name="java.runtime.name" value="Java(TM) SE Runtime Environment"/>
    <property name="file.encoding" value="Cp1252"/>
    <property name="java.vm.name" value="Java HotSpot(TM) 64-Bit Server VM"/>
    <property name="localRepository" value="C:\Users\Mihaela\.m2\repository"/>
    <property name="java.vendor.url.bug" value="https://bugreport.java.com/bugreport/"/>
    <property name="java.io.tmpdir" value="C:\Users\Mihaela\AppData\Local\Temp\"/>
    <property name="java.version" value="15.0.2"/>
    <property name="user.dir" value="D:\kopija jebenog projekta\SBNZ\kjar-example - 2\kjar-example\drools-spring-app"/>
    <property name="os.arch" value="amd64"/>
    <property name="java.vm.specification.name" value="Java Virtual Machine Specification"/>
    <property name="sun.os.patch.level" value=""/>
    <property name="java.library.path" value="C:\Program Files\Java\jdk-15.0.2\bin;C:\WINDOWS\Sun\Java\bin;C:\WINDOWS\system32;C:\WINDOWS;C:\Python310\Scripts\;C:\Python310\;C:\WINDOWS\system32;C:\WINDOWS;C:\WINDOWS\System32\Wbem;C:\WINDOWS\System32\WindowsPowerShell\v1.0\;C:\WINDOWS\System32\OpenSSH\;C:\Program Files\Java\jdk-15.0.2\bin;C:\Users\Mihaela\AppData\Roaming\Microsoft\Windows\Start Menu\Programs\Python 3.10;C:\Program Files\Git\cmd;C:\Users\Mihaela\AppData\Local\Programs\Python\Python39;C:\Users\Mihaela\AppData\Local\Programs\Python\Python39\Scripts;C:\Program Files\Node\nodejs\;C:\ProgramData\chocolatey\bin;C:\Program Files\PostgreSQL\15\bin;C:\Program Files\PostgreSQL\15\lib;C:\Program Files\Microsoft SQL Server\150\Tools\Binn\;C:\Program Files\Microsoft SQL Server\Client SDK\ODBC\170\Tools\Binn\;C:\Program Files\dotnet\;C:\Program Files\Common Files\Oracle\Java\javapath;C:\oraclexe\app\oracle\product\11.2.0\server\bin;C:\Program Files\Go\bin;C:\Program Files\apache-maven-3.9.1\bin;C:\Users\Mihaela\AppData\Local\Programs\Python\Python39\Scripts\;C:\Users\Mihaela\AppData\Local\Programs\Python\Python39\;C:\Users\Mihaela\AppData\Local\Microsoft\WindowsApps;C:\Users\Mihaela\AppData\Local\Programs\Microsoft VS Code\bin;C:\Program Files\JetBrains\PyCharm 2021.3.3\bin;;C:\Program Files\JetBrains\PyCharm Community Edition 2022.1\bin;;C:\Program Files\JetBrains\IntelliJ IDEA Community Edition 2023.1.1\bin;;C:\Program Files\JetBrains\JetBrains Rider 2022.2.3\bin;;C:\Users\Mihaela\AppData\Roaming\npm;C:\Program Files\JetBrains\IntelliJ IDEA 2022.2.3\bin;;C:\Program Files\JetBrains\WebStorm 2023.1.1\bin;;C:\Users\Mihaela\.dotnet\tools;C:\Program Files (x86)\Rico Suter\NSwagStudio\;C:\Users\Mihaela\go\bin;C:\Program Files\JetBrains\GoLand 2022.3.3\bin;;."/>
    <property name="java.vm.info" value="mixed mode, sharing"/>
    <property name="java.vendor" value="Oracle Corporation"/>
    <property name="java.vm.version" value="15.0.2+7-27"/>
    <property name="sun.io.unicode.encoding" value="UnicodeLittle"/>
    <property name="java.class.version" value="59.0"/>
  </properties>
  <testcase name="happyPath" classname="CredTests" time="9.351"/>
  <testcase name="multipleTransactionInShortTimeOnFarLocation" classname="CredTests" time="1.623"/>
  <testcase name="bigTransactionOverNight" classname="CredTests" time="1.38"/>
  <testcase name="unusualLocation" classname="CredTests" time="1.123"/>
  <testcase name="amountAboveAverage" classname="CredTests" time="1.009"/>
  <testcase name="multipleTransactionInShortTime" classname="CredTests" time="1.125"/>
</testsuite>